{"E:\\repos\\vcprjs\\voice_clone\\frontend\\src\\App.module.css": {"path":"E:\\repos\\vcprjs\\voice_clone\\frontend\\src\\App.module.css","statementMap":{},"fnMap":{},"branchMap":{},"s":{},"f":{},"b":{},"meta":{"lastBranch":0,"lastFunction":0,"lastStatement":0,"seen":{}}}
,"E:\\repos\\vcprjs\\voice_clone\\frontend\\src\\App.tsx": {"path":"E:\\repos\\vcprjs\\voice_clone\\frontend\\src\\App.tsx","statementMap":{"0":{"start":{"line":9,"column":20},"end":{"line":9,"column":64}},"1":{"start":{"line":11,"column":2},"end":{"line":39,"column":null}},"2":{"start":{"line":23,"column":27},"end":{"line":23,"column":54}},"3":{"start":{"line":30,"column":27},"end":{"line":30,"column":56}}},"fnMap":{"0":{"name":"App","decl":{"start":{"line":8,"column":24},"end":{"line":8,"column":30}},"loc":{"start":{"line":8,"column":30},"end":{"line":39,"column":null}},"line":8},"1":{"name":"(anonymous_1)","decl":{"start":{"line":23,"column":12},"end":{"line":23,"column":27}},"loc":{"start":{"line":23,"column":27},"end":{"line":23,"column":54}},"line":23},"2":{"name":"(anonymous_2)","decl":{"start":{"line":30,"column":12},"end":{"line":30,"column":27}},"loc":{"start":{"line":30,"column":27},"end":{"line":30,"column":56}},"line":30}},"branchMap":{"0":{"loc":{"start":{"line":22,"column":40},"end":{"line":22,"column":null}},"type":"cond-expr","locations":[{"start":{"line":22,"column":70},"end":{"line":22,"column":86}},{"start":{"line":22,"column":86},"end":{"line":22,"column":null}}],"line":22},"1":{"loc":{"start":{"line":29,"column":40},"end":{"line":29,"column":null}},"type":"cond-expr","locations":[{"start":{"line":29,"column":72},"end":{"line":29,"column":88}},{"start":{"line":29,"column":88},"end":{"line":29,"column":null}}],"line":29},"2":{"loc":{"start":{"line":38,"column":9},"end":{"line":39,"column":23}},"type":"binary-expr","locations":[{"start":{"line":38,"column":9},"end":{"line":38,"column":40}},{"start":{"line":38,"column":40},"end":{"line":39,"column":23}}],"line":38},"3":{"loc":{"start":{"line":39,"column":9},"end":{"line":39,"column":null}},"type":"binary-expr","locations":[{"start":{"line":39,"column":9},"end":{"line":39,"column":42}},{"start":{"line":39,"column":42},"end":{"line":39,"column":null}}],"line":39}},"s":{"0":4,"1":4,"2":0,"3":1},"f":{"0":4,"1":0,"2":1},"b":{"0":[3,1],"1":[1,3],"2":[4,3],"3":[4,1]},"meta":{"lastBranch":4,"lastFunction":3,"lastStatement":4,"seen":{"f:8:24:8:30":0,"s:9:20:9:64":0,"s:11:2:39:Infinity":1,"b:22:70:22:86:22:86:22:Infinity":0,"f:23:12:23:27":1,"s:23:27:23:54":2,"b:29:72:29:88:29:88:29:Infinity":1,"f:30:12:30:27":2,"s:30:27:30:56":3,"b:38:9:38:40:38:40:39:23":2,"b:39:9:39:42:39:42:39:Infinity":3}}}
,"E:\\repos\\vcprjs\\voice_clone\\frontend\\src\\components\\TTSSynthesis\\AudioPlayer.module.css": {"path":"E:\\repos\\vcprjs\\voice_clone\\frontend\\src\\components\\TTSSynthesis\\AudioPlayer.module.css","statementMap":{},"fnMap":{},"branchMap":{},"s":{},"f":{},"b":{},"meta":{"lastBranch":0,"lastFunction":0,"lastStatement":0,"seen":{}}}
,"E:\\repos\\vcprjs\\voice_clone\\frontend\\src\\components\\TTSSynthesis\\AudioPlayer.tsx": {"path":"E:\\repos\\vcprjs\\voice_clone\\frontend\\src\\components\\TTSSynthesis\\AudioPlayer.tsx","statementMap":{"0":{"start":{"line":11,"column":17},"end":{"line":11,"column":60}},"1":{"start":{"line":13,"column":8},"end":{"line":22,"column":null}},"2":{"start":{"line":14,"column":4},"end":{"line":14,"column":null}},"3":{"start":{"line":14,"column":17},"end":{"line":14,"column":null}},"4":{"start":{"line":16,"column":16},"end":{"line":16,"column":null}},"5":{"start":{"line":17,"column":17},"end":{"line":17,"column":44}},"6":{"start":{"line":18,"column":4},"end":{"line":18,"column":null}},"7":{"start":{"line":19,"column":4},"end":{"line":19,"column":null}},"8":{"start":{"line":20,"column":4},"end":{"line":20,"column":null}},"9":{"start":{"line":21,"column":4},"end":{"line":21,"column":null}},"10":{"start":{"line":22,"column":4},"end":{"line":22,"column":null}},"11":{"start":{"line":25,"column":2},"end":{"line":32,"column":null}},"12":{"start":{"line":26,"column":4},"end":{"line":32,"column":null}},"13":{"start":{"line":36,"column":2},"end":{"line":42,"column":null}},"14":{"start":{"line":37,"column":4},"end":{"line":42,"column":null}},"15":{"start":{"line":46,"column":2},"end":{"line":70,"column":null}},"16":{"start":{"line":58,"column":27},"end":{"line":58,"column":69}}},"fnMap":{"0":{"name":"AudioPlayer","decl":{"start":{"line":10,"column":16},"end":{"line":10,"column":28}},"loc":{"start":{"line":10,"column":69},"end":{"line":70,"column":null}},"line":10},"1":{"name":"(anonymous_1)","decl":{"start":{"line":13,"column":8},"end":{"line":13,"column":31}},"loc":{"start":{"line":13,"column":31},"end":{"line":22,"column":null}},"line":13},"2":{"name":"(anonymous_2)","decl":{"start":{"line":58,"column":10},"end":{"line":58,"column":21}},"loc":{"start":{"line":58,"column":27},"end":{"line":58,"column":69}},"line":58}},"branchMap":{"0":{"loc":{"start":{"line":14,"column":4},"end":{"line":14,"column":null}},"type":"if","locations":[{"start":{"line":14,"column":4},"end":{"line":14,"column":null}},{"start":{},"end":{}}],"line":14},"1":{"loc":{"start":{"line":25,"column":2},"end":{"line":32,"column":null}},"type":"if","locations":[{"start":{"line":25,"column":2},"end":{"line":32,"column":null}},{"start":{},"end":{}}],"line":25},"2":{"loc":{"start":{"line":36,"column":2},"end":{"line":42,"column":null}},"type":"if","locations":[{"start":{"line":36,"column":2},"end":{"line":42,"column":null}},{"start":{},"end":{}}],"line":36}},"s":{"0":8,"1":8,"2":0,"3":0,"4":0,"5":0,"6":0,"7":0,"8":0,"9":0,"10":0,"11":8,"12":2,"13":6,"14":5,"15":1,"16":0},"f":{"0":8,"1":0,"2":0},"b":{"0":[0,0],"1":[2,6],"2":[5,1]},"meta":{"lastBranch":3,"lastFunction":3,"lastStatement":17,"seen":{"f:10:16:10:28":0,"s:11:17:11:60":0,"s:13:8:22:Infinity":1,"f:13:8:13:31":1,"b:14:4:14:Infinity:undefined:undefined:undefined:undefined":0,"s:14:4:14:Infinity":2,"s:14:17:14:Infinity":3,"s:16:16:16:Infinity":4,"s:17:17:17:44":5,"s:18:4:18:Infinity":6,"s:19:4:19:Infinity":7,"s:20:4:20:Infinity":8,"s:21:4:21:Infinity":9,"s:22:4:22:Infinity":10,"b:25:2:32:Infinity:undefined:undefined:undefined:undefined":1,"s:25:2:32:Infinity":11,"s:26:4:32:Infinity":12,"b:36:2:42:Infinity:undefined:undefined:undefined:undefined":2,"s:36:2:42:Infinity":13,"s:37:4:42:Infinity":14,"s:46:2:70:Infinity":15,"f:58:10:58:21":2,"s:58:27:58:69":16}}}
,"E:\\repos\\vcprjs\\voice_clone\\frontend\\src\\components\\TTSSynthesis\\ParameterControls.module.css": {"path":"E:\\repos\\vcprjs\\voice_clone\\frontend\\src\\components\\TTSSynthesis\\ParameterControls.module.css","statementMap":{},"fnMap":{},"branchMap":{},"s":{},"f":{},"b":{},"meta":{"lastBranch":0,"lastFunction":0,"lastStatement":0,"seen":{}}}
,"E:\\repos\\vcprjs\\voice_clone\\frontend\\src\\components\\TTSSynthesis\\ParameterControls.tsx": {"path":"E:\\repos\\vcprjs\\voice_clone\\frontend\\src\\components\\TTSSynthesis\\ParameterControls.tsx","statementMap":{"0":{"start":{"line":9,"column":25},"end":{"line":14,"column":null}},"1":{"start":{"line":16,"column":24},"end":{"line":23,"column":null}},"2":{"start":{"line":26,"column":2},"end":{"line":109,"column":null}},"3":{"start":{"line":37,"column":29},"end":{"line":37,"column":90}},"4":{"start":{"line":40,"column":14},"end":{"line":40,"column":null}},"5":{"start":{"line":57,"column":29},"end":{"line":57,"column":null}},"6":{"start":{"line":73,"column":29},"end":{"line":73,"column":null}},"7":{"start":{"line":89,"column":29},"end":{"line":89,"column":null}},"8":{"start":{"line":100,"column":28},"end":{"line":100,"column":null}},"9":{"start":{"line":101,"column":14},"end":{"line":101,"column":null}},"10":{"start":{"line":105,"column":14},"end":{"line":107,"column":null}}},"fnMap":{"0":{"name":"ParameterControls","decl":{"start":{"line":25,"column":16},"end":{"line":25,"column":34}},"loc":{"start":{"line":25,"column":85},"end":{"line":109,"column":null}},"line":25},"1":{"name":"(anonymous_1)","decl":{"start":{"line":37,"column":12},"end":{"line":37,"column":23}},"loc":{"start":{"line":37,"column":29},"end":{"line":37,"column":90}},"line":37},"2":{"name":"(anonymous_2)","decl":{"start":{"line":39,"column":30},"end":{"line":39,"column":34}},"loc":{"start":{"line":40,"column":14},"end":{"line":40,"column":null}},"line":40},"3":{"name":"(anonymous_3)","decl":{"start":{"line":57,"column":12},"end":{"line":57,"column":23}},"loc":{"start":{"line":57,"column":29},"end":{"line":57,"column":null}},"line":57},"4":{"name":"(anonymous_4)","decl":{"start":{"line":73,"column":12},"end":{"line":73,"column":23}},"loc":{"start":{"line":73,"column":29},"end":{"line":73,"column":null}},"line":73},"5":{"name":"(anonymous_5)","decl":{"start":{"line":89,"column":12},"end":{"line":89,"column":23}},"loc":{"start":{"line":89,"column":29},"end":{"line":89,"column":null}},"line":89},"6":{"name":"(anonymous_6)","decl":{"start":{"line":99,"column":12},"end":{"line":99,"column":23}},"loc":{"start":{"line":99,"column":29},"end":{"line":101,"column":null}},"line":99},"7":{"name":"(anonymous_7)","decl":{"start":{"line":104,"column":29},"end":{"line":104,"column":33}},"loc":{"start":{"line":105,"column":14},"end":{"line":107,"column":null}},"line":105}},"branchMap":{"0":{"loc":{"start":{"line":36,"column":19},"end":{"line":36,"column":null}},"type":"binary-expr","locations":[{"start":{"line":36,"column":19},"end":{"line":36,"column":38}},{"start":{"line":36,"column":38},"end":{"line":36,"column":null}}],"line":36},"1":{"loc":{"start":{"line":47,"column":39},"end":{"line":47,"column":60}},"type":"binary-expr","locations":[{"start":{"line":47,"column":39},"end":{"line":47,"column":55}},{"start":{"line":47,"column":55},"end":{"line":47,"column":60}}],"line":47},"2":{"loc":{"start":{"line":56,"column":19},"end":{"line":56,"column":null}},"type":"binary-expr","locations":[{"start":{"line":56,"column":19},"end":{"line":56,"column":35}},{"start":{"line":56,"column":35},"end":{"line":56,"column":null}}],"line":56},"3":{"loc":{"start":{"line":63,"column":39},"end":{"line":63,"column":null}},"type":"binary-expr","locations":[{"start":{"line":63,"column":39},"end":{"line":63,"column":56}},{"start":{"line":63,"column":56},"end":{"line":63,"column":null}}],"line":63},"4":{"loc":{"start":{"line":72,"column":19},"end":{"line":72,"column":null}},"type":"binary-expr","locations":[{"start":{"line":72,"column":19},"end":{"line":72,"column":36}},{"start":{"line":72,"column":36},"end":{"line":72,"column":null}}],"line":72},"5":{"loc":{"start":{"line":79,"column":38},"end":{"line":79,"column":null}},"type":"binary-expr","locations":[{"start":{"line":79,"column":38},"end":{"line":79,"column":54}},{"start":{"line":79,"column":54},"end":{"line":79,"column":null}}],"line":79},"6":{"loc":{"start":{"line":88,"column":19},"end":{"line":88,"column":null}},"type":"binary-expr","locations":[{"start":{"line":88,"column":19},"end":{"line":88,"column":35}},{"start":{"line":88,"column":35},"end":{"line":88,"column":null}}],"line":88},"7":{"loc":{"start":{"line":98,"column":19},"end":{"line":98,"column":null}},"type":"binary-expr","locations":[{"start":{"line":98,"column":19},"end":{"line":98,"column":37}},{"start":{"line":98,"column":37},"end":{"line":98,"column":null}}],"line":98},"8":{"loc":{"start":{"line":100,"column":28},"end":{"line":100,"column":null}},"type":"cond-expr","locations":[{"start":{"line":100,"column":59},"end":{"line":100,"column":71}},{"start":{"line":100,"column":71},"end":{"line":100,"column":null}}],"line":100},"9":{"loc":{"start":{"line":105,"column":58},"end":{"line":105,"column":null}},"type":"binary-expr","locations":[{"start":{"line":105,"column":58},"end":{"line":105,"column":71}},{"start":{"line":105,"column":71},"end":{"line":105,"column":null}}],"line":105},"10":{"loc":{"start":{"line":105,"column":27},"end":{"line":105,"column":51}},"type":"binary-expr","locations":[{"start":{"line":105,"column":27},"end":{"line":105,"column":40}},{"start":{"line":105,"column":40},"end":{"line":105,"column":51}}],"line":105}},"s":{"0":3,"1":3,"2":8,"3":1,"4":32,"5":1,"6":0,"7":0,"8":0,"9":0,"10":48},"f":{"0":8,"1":1,"2":32,"3":1,"4":0,"5":0,"6":0,"7":48},"b":{"0":[8,0],"1":[8,0],"2":[8,0],"3":[8,0],"4":[8,0],"5":[8,0],"6":[8,0],"7":[8,8],"8":[0,0],"9":[48,8],"10":[48,8]},"meta":{"lastBranch":11,"lastFunction":8,"lastStatement":11,"seen":{"s:9:25:14:Infinity":0,"s:16:24:23:Infinity":1,"f:25:16:25:34":0,"s:26:2:109:Infinity":2,"b:36:19:36:38:36:38:36:Infinity":0,"f:37:12:37:23":1,"s:37:29:37:90":3,"f:39:30:39:34":2,"s:40:14:40:Infinity":4,"b:47:39:47:55:47:55:47:60":1,"b:56:19:56:35:56:35:56:Infinity":2,"f:57:12:57:23":3,"s:57:29:57:Infinity":5,"b:63:39:63:56:63:56:63:Infinity":3,"b:72:19:72:36:72:36:72:Infinity":4,"f:73:12:73:23":4,"s:73:29:73:Infinity":6,"b:79:38:79:54:79:54:79:Infinity":5,"b:88:19:88:35:88:35:88:Infinity":6,"f:89:12:89:23":5,"s:89:29:89:Infinity":7,"b:98:19:98:37:98:37:98:Infinity":7,"f:99:12:99:23":6,"s:100:28:100:Infinity":8,"b:100:59:100:71:100:71:100:Infinity":8,"s:101:14:101:Infinity":9,"f:104:29:104:33":7,"s:105:14:107:Infinity":10,"b:105:58:105:71:105:71:105:Infinity":9,"b:105:27:105:40:105:40:105:51":10}}}
,"E:\\repos\\vcprjs\\voice_clone\\frontend\\src\\components\\TTSSynthesis\\VoiceSelector.module.css": {"path":"E:\\repos\\vcprjs\\voice_clone\\frontend\\src\\components\\TTSSynthesis\\VoiceSelector.module.css","statementMap":{},"fnMap":{},"branchMap":{},"s":{},"f":{},"b":{},"meta":{"lastBranch":0,"lastFunction":0,"lastStatement":0,"seen":{}}}
,"E:\\repos\\vcprjs\\voice_clone\\frontend\\src\\components\\TTSSynthesis\\VoiceSelector.tsx": {"path":"E:\\repos\\vcprjs\\voice_clone\\frontend\\src\\components\\TTSSynthesis\\VoiceSelector.tsx","statementMap":{"0":{"start":{"line":12,"column":24},"end":{"line":12,"column":72}},"1":{"start":{"line":13,"column":20},"end":{"line":13,"column":50}},"2":{"start":{"line":15,"column":2},"end":{"line":27,"column":null}},"3":{"start":{"line":16,"column":23},"end":{"line":23,"column":null}},"4":{"start":{"line":17,"column":6},"end":{"line":23,"column":null}},"5":{"start":{"line":18,"column":47},"end":{"line":18,"column":71}},"6":{"start":{"line":19,"column":8},"end":{"line":19,"column":null}},"7":{"start":{"line":21,"column":8},"end":{"line":21,"column":null}},"8":{"start":{"line":23,"column":8},"end":{"line":23,"column":null}},"9":{"start":{"line":26,"column":4},"end":{"line":26,"column":null}},"10":{"start":{"line":29,"column":2},"end":{"line":30,"column":null}},"11":{"start":{"line":30,"column":4},"end":{"line":30,"column":null}},"12":{"start":{"line":33,"column":2},"end":{"line":50,"column":null}},"13":{"start":{"line":40,"column":12},"end":{"line":48,"column":null}},"14":{"start":{"line":44,"column":29},"end":{"line":44,"column":59}}},"fnMap":{"0":{"name":"VoiceSelector","decl":{"start":{"line":11,"column":16},"end":{"line":11,"column":30}},"loc":{"start":{"line":11,"column":86},"end":{"line":50,"column":null}},"line":11},"1":{"name":"(anonymous_1)","decl":{"start":{"line":15,"column":2},"end":{"line":15,"column":18}},"loc":{"start":{"line":15,"column":18},"end":{"line":27,"column":7}},"line":15},"2":{"name":"(anonymous_2)","decl":{"start":{"line":16,"column":23},"end":{"line":16,"column":35}},"loc":{"start":{"line":16,"column":35},"end":{"line":23,"column":null}},"line":16},"3":{"name":"(anonymous_3)","decl":{"start":{"line":39,"column":25},"end":{"line":39,"column":29}},"loc":{"start":{"line":40,"column":12},"end":{"line":48,"column":null}},"line":40},"4":{"name":"(anonymous_4)","decl":{"start":{"line":44,"column":14},"end":{"line":44,"column":29}},"loc":{"start":{"line":44,"column":29},"end":{"line":44,"column":59}},"line":44}},"branchMap":{"0":{"loc":{"start":{"line":29,"column":2},"end":{"line":30,"column":null}},"type":"if","locations":[{"start":{"line":29,"column":2},"end":{"line":30,"column":null}},{"start":{},"end":{}}],"line":29},"1":{"loc":{"start":{"line":43,"column":44},"end":{"line":43,"column":null}},"type":"cond-expr","locations":[{"start":{"line":43,"column":75},"end":{"line":43,"column":91}},{"start":{"line":43,"column":91},"end":{"line":43,"column":null}}],"line":43},"2":{"loc":{"start":{"line":47,"column":47},"end":{"line":47,"column":90}},"type":"cond-expr","locations":[{"start":{"line":47,"column":73},"end":{"line":47,"column":79}},{"start":{"line":47,"column":79},"end":{"line":47,"column":90}}],"line":47}},"s":{"0":11,"1":11,"2":11,"3":6,"4":6,"5":6,"6":3,"7":1,"8":4,"9":6,"10":11,"11":6,"12":5,"13":3,"14":1},"f":{"0":11,"1":6,"2":6,"3":3,"4":1},"b":{"0":[6,5],"1":[0,3],"2":[1,2]},"meta":{"lastBranch":3,"lastFunction":5,"lastStatement":15,"seen":{"f:11:16:11:30":0,"s:12:24:12:72":0,"s:13:20:13:50":1,"s:15:2:27:Infinity":2,"f:15:2:15:18":1,"s:16:23:23:Infinity":3,"f:16:23:16:35":2,"s:17:6:23:Infinity":4,"s:18:47:18:71":5,"s:19:8:19:Infinity":6,"s:21:8:21:Infinity":7,"s:23:8:23:Infinity":8,"s:26:4:26:Infinity":9,"b:29:2:30:Infinity:undefined:undefined:undefined:undefined":0,"s:29:2:30:Infinity":10,"s:30:4:30:Infinity":11,"s:33:2:50:Infinity":12,"f:39:25:39:29":3,"s:40:12:48:Infinity":13,"b:43:75:43:91:43:91:43:Infinity":1,"f:44:14:44:29":4,"s:44:29:44:59":14,"b:47:73:47:79:47:79:47:90":2}}}
,"E:\\repos\\vcprjs\\voice_clone\\frontend\\src\\components\\VoiceClone\\AudioRecorder.tsx": {"path":"E:\\repos\\vcprjs\\voice_clone\\frontend\\src\\components\\VoiceClone\\AudioRecorder.tsx","statementMap":{"0":{"start":{"line":10,"column":20},"end":{"line":10,"column":51}},"1":{"start":{"line":11,"column":20},"end":{"line":11,"column":63}},"2":{"start":{"line":12,"column":8},"end":{"line":12,"column":58}},"3":{"start":{"line":13,"column":8},"end":{"line":13,"column":35}},"4":{"start":{"line":15,"column":25},"end":{"line":37,"column":null}},"5":{"start":{"line":16,"column":4},"end":{"line":37,"column":null}},"6":{"start":{"line":17,"column":21},"end":{"line":17,"column":79}},"7":{"start":{"line":18,"column":6},"end":{"line":18,"column":null}},"8":{"start":{"line":19,"column":6},"end":{"line":19,"column":null}},"9":{"start":{"line":21,"column":6},"end":{"line":23,"column":null}},"10":{"start":{"line":22,"column":8},"end":{"line":23,"column":null}},"11":{"start":{"line":23,"column":10},"end":{"line":23,"column":null}},"12":{"start":{"line":27,"column":6},"end":{"line":30,"column":null}},"13":{"start":{"line":28,"column":21},"end":{"line":28,"column":69}},"14":{"start":{"line":29,"column":8},"end":{"line":29,"column":null}},"15":{"start":{"line":30,"column":8},"end":{"line":30,"column":null}},"16":{"start":{"line":30,"column":44},"end":{"line":30,"column":56}},"17":{"start":{"line":33,"column":6},"end":{"line":33,"column":null}},"18":{"start":{"line":34,"column":6},"end":{"line":34,"column":null}},"19":{"start":{"line":36,"column":6},"end":{"line":36,"column":null}},"20":{"start":{"line":37,"column":6},"end":{"line":37,"column":null}},"21":{"start":{"line":41,"column":8},"end":{"line":43,"column":null}},"22":{"start":{"line":42,"column":4},"end":{"line":42,"column":null}},"23":{"start":{"line":43,"column":4},"end":{"line":43,"column":null}},"24":{"start":{"line":46,"column":26},"end":{"line":56,"column":null}},"25":{"start":{"line":47,"column":4},"end":{"line":47,"column":null}},"26":{"start":{"line":47,"column":20},"end":{"line":47,"column":null}},"27":{"start":{"line":49,"column":17},"end":{"line":49,"column":80}},"28":{"start":{"line":50,"column":4},"end":{"line":56,"column":null}},"29":{"start":{"line":51,"column":6},"end":{"line":51,"column":null}},"30":{"start":{"line":52,"column":6},"end":{"line":52,"column":null}},"31":{"start":{"line":53,"column":6},"end":{"line":53,"column":null}},"32":{"start":{"line":55,"column":6},"end":{"line":55,"column":null}},"33":{"start":{"line":56,"column":6},"end":{"line":56,"column":null}},"34":{"start":{"line":60,"column":34},"end":{"line":67,"column":null}},"35":{"start":{"line":69,"column":26},"end":{"line":75,"column":null}},"36":{"start":{"line":77,"column":2},"end":{"line":112,"column":null}},"37":{"start":{"line":106,"column":51},"end":{"line":106,"column":69}}},"fnMap":{"0":{"name":"AudioRecorder","decl":{"start":{"line":9,"column":16},"end":{"line":9,"column":30}},"loc":{"start":{"line":9,"column":72},"end":{"line":112,"column":null}},"line":9},"1":{"name":"(anonymous_1)","decl":{"start":{"line":15,"column":25},"end":{"line":15,"column":37}},"loc":{"start":{"line":15,"column":37},"end":{"line":37,"column":null}},"line":15},"2":{"name":"(anonymous_2)","decl":{"start":{"line":21,"column":28},"end":{"line":21,"column":47}},"loc":{"start":{"line":21,"column":53},"end":{"line":23,"column":null}},"line":21},"3":{"name":"(anonymous_3)","decl":{"start":{"line":27,"column":37},"end":{"line":27,"column":49}},"loc":{"start":{"line":27,"column":49},"end":{"line":30,"column":null}},"line":27},"4":{"name":"(anonymous_4)","decl":{"start":{"line":30,"column":27},"end":{"line":30,"column":35}},"loc":{"start":{"line":30,"column":44},"end":{"line":30,"column":56}},"line":30},"5":{"name":"(anonymous_5)","decl":{"start":{"line":41,"column":8},"end":{"line":41,"column":30}},"loc":{"start":{"line":41,"column":30},"end":{"line":43,"column":null}},"line":41},"6":{"name":"(anonymous_6)","decl":{"start":{"line":46,"column":26},"end":{"line":46,"column":38}},"loc":{"start":{"line":46,"column":38},"end":{"line":56,"column":null}},"line":46},"7":{"name":"(anonymous_7)","decl":{"start":{"line":106,"column":36},"end":{"line":106,"column":51}},"loc":{"start":{"line":106,"column":51},"end":{"line":106,"column":69}},"line":106}},"branchMap":{"0":{"loc":{"start":{"line":22,"column":8},"end":{"line":23,"column":null}},"type":"if","locations":[{"start":{"line":22,"column":8},"end":{"line":23,"column":null}},{"start":{},"end":{}}],"line":22},"1":{"loc":{"start":{"line":47,"column":4},"end":{"line":47,"column":null}},"type":"if","locations":[{"start":{"line":47,"column":4},"end":{"line":47,"column":null}},{"start":{},"end":{}}],"line":47},"2":{"loc":{"start":{"line":81,"column":7},"end":{"line":84,"column":null}},"type":"binary-expr","locations":[{"start":{"line":81,"column":7},"end":{"line":81,"column":21}},{"start":{"line":81,"column":21},"end":{"line":81,"column":null}},{"start":{"line":82,"column":8},"end":{"line":84,"column":null}}],"line":81},"3":{"loc":{"start":{"line":87,"column":7},"end":{"line":96,"column":null}},"type":"binary-expr","locations":[{"start":{"line":87,"column":7},"end":{"line":87,"column":null}},{"start":{"line":88,"column":8},"end":{"line":96,"column":null}}],"line":87},"4":{"loc":{"start":{"line":99,"column":7},"end":{"line":108,"column":null}},"type":"binary-expr","locations":[{"start":{"line":99,"column":7},"end":{"line":99,"column":null}},{"start":{"line":100,"column":8},"end":{"line":108,"column":null}}],"line":99}},"s":{"0":6,"1":6,"2":6,"3":6,"4":6,"5":0,"6":0,"7":0,"8":0,"9":0,"10":0,"11":0,"12":0,"13":0,"14":0,"15":0,"16":0,"17":0,"18":0,"19":0,"20":0,"21":6,"22":0,"23":0,"24":6,"25":0,"26":0,"27":0,"28":0,"29":0,"30":0,"31":0,"32":0,"33":0,"34":6,"35":6,"36":6,"37":0},"f":{"0":6,"1":0,"2":0,"3":0,"4":0,"5":0,"6":0,"7":0},"b":{"0":[0,0],"1":[0,0],"2":[6,6,6],"3":[6,0],"4":[6,0]},"meta":{"lastBranch":5,"lastFunction":8,"lastStatement":38,"seen":{"f:9:16:9:30":0,"s:10:20:10:51":0,"s:11:20:11:63":1,"s:12:8:12:58":2,"s:13:8:13:35":3,"s:15:25:37:Infinity":4,"f:15:25:15:37":1,"s:16:4:37:Infinity":5,"s:17:21:17:79":6,"s:18:6:18:Infinity":7,"s:19:6:19:Infinity":8,"s:21:6:23:Infinity":9,"f:21:28:21:47":2,"b:22:8:23:Infinity:undefined:undefined:undefined:undefined":0,"s:22:8:23:Infinity":10,"s:23:10:23:Infinity":11,"s:27:6:30:Infinity":12,"f:27:37:27:49":3,"s:28:21:28:69":13,"s:29:8:29:Infinity":14,"s:30:8:30:Infinity":15,"f:30:27:30:35":4,"s:30:44:30:56":16,"s:33:6:33:Infinity":17,"s:34:6:34:Infinity":18,"s:36:6:36:Infinity":19,"s:37:6:37:Infinity":20,"s:41:8:43:Infinity":21,"f:41:8:41:30":5,"s:42:4:42:Infinity":22,"s:43:4:43:Infinity":23,"s:46:26:56:Infinity":24,"f:46:26:46:38":6,"b:47:4:47:Infinity:undefined:undefined:undefined:undefined":1,"s:47:4:47:Infinity":25,"s:47:20:47:Infinity":26,"s:49:17:49:80":27,"s:50:4:56:Infinity":28,"s:51:6:51:Infinity":29,"s:52:6:52:Infinity":30,"s:53:6:53:Infinity":31,"s:55:6:55:Infinity":32,"s:56:6:56:Infinity":33,"s:60:34:67:Infinity":34,"s:69:26:75:Infinity":35,"s:77:2:112:Infinity":36,"b:81:7:81:21:81:21:81:Infinity:82:8:84:Infinity":2,"b:87:7:87:Infinity:88:8:96:Infinity":3,"b:99:7:99:Infinity:100:8:108:Infinity":4,"f:106:36:106:51":7,"s:106:51:106:69":37}}}
,"E:\\repos\\vcprjs\\voice_clone\\frontend\\src\\components\\VoiceClone\\AudioUploader.tsx": {"path":"E:\\repos\\vcprjs\\voice_clone\\frontend\\src\\components\\VoiceClone\\AudioUploader.tsx","statementMap":{"0":{"start":{"line":10,"column":20},"end":{"line":10,"column":51}},"1":{"start":{"line":11,"column":19},"end":{"line":11,"column":49}},"2":{"start":{"line":13,"column":21},"end":{"line":27,"column":null}},"3":{"start":{"line":14,"column":4},"end":{"line":16,"column":null}},"4":{"start":{"line":15,"column":6},"end":{"line":15,"column":null}},"5":{"start":{"line":16,"column":6},"end":{"line":16,"column":null}},"6":{"start":{"line":19,"column":4},"end":{"line":19,"column":null}},"7":{"start":{"line":20,"column":4},"end":{"line":27,"column":null}},"8":{"start":{"line":21,"column":6},"end":{"line":21,"column":null}},"9":{"start":{"line":22,"column":6},"end":{"line":22,"column":null}},"10":{"start":{"line":24,"column":6},"end":{"line":24,"column":null}},"11":{"start":{"line":25,"column":6},"end":{"line":25,"column":null}},"12":{"start":{"line":27,"column":6},"end":{"line":27,"column":null}},"13":{"start":{"line":31,"column":8},"end":{"line":35,"column":null}},"14":{"start":{"line":32,"column":4},"end":{"line":32,"column":null}},"15":{"start":{"line":33,"column":4},"end":{"line":33,"column":null}},"16":{"start":{"line":34,"column":17},"end":{"line":34,"column":null}},"17":{"start":{"line":35,"column":4},"end":{"line":35,"column":null}},"18":{"start":{"line":35,"column":14},"end":{"line":35,"column":null}},"19":{"start":{"line":38,"column":26},"end":{"line":46,"column":null}},"20":{"start":{"line":48,"column":20},"end":{"line":51,"column":null}},"21":{"start":{"line":53,"column":21},"end":{"line":57,"column":null}},"22":{"start":{"line":59,"column":24},"end":{"line":62,"column":null}},"23":{"start":{"line":64,"column":2},"end":{"line":90,"column":null}},"24":{"start":{"line":67,"column":27},"end":{"line":67,"column":47}},"25":{"start":{"line":67,"column":47},"end":{"line":67,"column":null}},"26":{"start":{"line":68,"column":25},"end":{"line":68,"column":43}},"27":{"start":{"line":75,"column":25},"end":{"line":75,"column":77}}},"fnMap":{"0":{"name":"AudioUploader","decl":{"start":{"line":9,"column":16},"end":{"line":9,"column":30}},"loc":{"start":{"line":9,"column":72},"end":{"line":90,"column":null}},"line":9},"1":{"name":"(anonymous_1)","decl":{"start":{"line":13,"column":21},"end":{"line":13,"column":28}},"loc":{"start":{"line":13,"column":43},"end":{"line":27,"column":null}},"line":13},"2":{"name":"(anonymous_2)","decl":{"start":{"line":31,"column":8},"end":{"line":31,"column":22}},"loc":{"start":{"line":31,"column":45},"end":{"line":35,"column":null}},"line":31},"3":{"name":"(anonymous_3)","decl":{"start":{"line":67,"column":6},"end":{"line":67,"column":19}},"loc":{"start":{"line":67,"column":25},"end":{"line":67,"column":null}},"line":67},"4":{"name":"(anonymous_4)","decl":{"start":{"line":68,"column":6},"end":{"line":68,"column":25}},"loc":{"start":{"line":68,"column":25},"end":{"line":68,"column":43}},"line":68},"5":{"name":"(anonymous_5)","decl":{"start":{"line":75,"column":8},"end":{"line":75,"column":19}},"loc":{"start":{"line":75,"column":25},"end":{"line":75,"column":77}},"line":75}},"branchMap":{"0":{"loc":{"start":{"line":14,"column":4},"end":{"line":16,"column":null}},"type":"if","locations":[{"start":{"line":14,"column":4},"end":{"line":16,"column":null}},{"start":{},"end":{}}],"line":14},"1":{"loc":{"start":{"line":35,"column":4},"end":{"line":35,"column":null}},"type":"if","locations":[{"start":{"line":35,"column":4},"end":{"line":35,"column":null}},{"start":{},"end":{}}],"line":35},"2":{"loc":{"start":{"line":39,"column":26},"end":{"line":39,"column":null}},"type":"cond-expr","locations":[{"start":{"line":39,"column":37},"end":{"line":39,"column":62}},{"start":{"line":39,"column":62},"end":{"line":39,"column":null}}],"line":39},"3":{"loc":{"start":{"line":43,"column":12},"end":{"line":43,"column":null}},"type":"cond-expr","locations":[{"start":{"line":43,"column":24},"end":{"line":43,"column":33}},{"start":{"line":43,"column":33},"end":{"line":43,"column":null}}],"line":43},"4":{"loc":{"start":{"line":44,"column":21},"end":{"line":44,"column":null}},"type":"cond-expr","locations":[{"start":{"line":44,"column":32},"end":{"line":44,"column":61}},{"start":{"line":44,"column":61},"end":{"line":44,"column":null}}],"line":44},"5":{"loc":{"start":{"line":66,"column":32},"end":{"line":66,"column":60}},"type":"cond-expr","locations":[{"start":{"line":66,"column":43},"end":{"line":66,"column":57}},{"start":{"line":66,"column":57},"end":{"line":66,"column":60}}],"line":66},"6":{"loc":{"start":{"line":66,"column":63},"end":{"line":66,"column":null}},"type":"cond-expr","locations":[{"start":{"line":66,"column":75},"end":{"line":66,"column":89}},{"start":{"line":66,"column":89},"end":{"line":66,"column":null}}],"line":66},"7":{"loc":{"start":{"line":75,"column":25},"end":{"line":75,"column":77}},"type":"binary-expr","locations":[{"start":{"line":75,"column":25},"end":{"line":75,"column":48}},{"start":{"line":75,"column":48},"end":{"line":75,"column":77}}],"line":75},"8":{"loc":{"start":{"line":80,"column":53},"end":{"line":80,"column":85}},"type":"cond-expr","locations":[{"start":{"line":80,"column":65},"end":{"line":80,"column":74}},{"start":{"line":80,"column":74},"end":{"line":80,"column":85}}],"line":80},"9":{"loc":{"start":{"line":81,"column":9},"end":{"line":88,"column":null}},"type":"cond-expr","locations":[{"start":{"line":82,"column":10},"end":{"line":84,"column":11}},{"start":{"line":84,"column":10},"end":{"line":88,"column":null}}],"line":81}},"s":{"0":6,"1":6,"2":6,"3":0,"4":0,"5":0,"6":0,"7":0,"8":0,"9":0,"10":0,"11":0,"12":0,"13":6,"14":0,"15":0,"16":0,"17":0,"18":0,"19":6,"20":6,"21":6,"22":6,"23":6,"24":0,"25":0,"26":0,"27":0},"f":{"0":6,"1":0,"2":0,"3":0,"4":0,"5":0},"b":{"0":[0,0],"1":[0,0],"2":[0,6],"3":[0,6],"4":[0,6],"5":[0,6],"6":[0,6],"7":[0,0],"8":[0,6],"9":[0,6]},"meta":{"lastBranch":10,"lastFunction":6,"lastStatement":28,"seen":{"f:9:16:9:30":0,"s:10:20:10:51":0,"s:11:19:11:49":1,"s:13:21:27:Infinity":2,"f:13:21:13:28":1,"b:14:4:16:Infinity:undefined:undefined:undefined:undefined":0,"s:14:4:16:Infinity":3,"s:15:6:15:Infinity":4,"s:16:6:16:Infinity":5,"s:19:4:19:Infinity":6,"s:20:4:27:Infinity":7,"s:21:6:21:Infinity":8,"s:22:6:22:Infinity":9,"s:24:6:24:Infinity":10,"s:25:6:25:Infinity":11,"s:27:6:27:Infinity":12,"s:31:8:35:Infinity":13,"f:31:8:31:22":2,"s:32:4:32:Infinity":14,"s:33:4:33:Infinity":15,"s:34:17:34:Infinity":16,"b:35:4:35:Infinity:undefined:undefined:undefined:undefined":1,"s:35:4:35:Infinity":17,"s:35:14:35:Infinity":18,"s:38:26:46:Infinity":19,"b:39:37:39:62:39:62:39:Infinity":2,"b:43:24:43:33:43:33:43:Infinity":3,"b:44:32:44:61:44:61:44:Infinity":4,"s:48:20:51:Infinity":20,"s:53:21:57:Infinity":21,"s:59:24:62:Infinity":22,"s:64:2:90:Infinity":23,"b:66:43:66:57:66:57:66:60":5,"b:66:75:66:89:66:89:66:Infinity":6,"f:67:6:67:19":3,"s:67:27:67:47":24,"s:67:47:67:Infinity":25,"f:68:6:68:25":4,"s:68:25:68:43":26,"f:75:8:75:19":5,"s:75:25:75:77":27,"b:75:25:75:48:75:48:75:77":7,"b:80:65:80:74:80:74:80:85":8,"b:82:10:84:11:84:10:88:Infinity":9}}}
,"E:\\repos\\vcprjs\\voice_clone\\frontend\\src\\components\\VoiceClone\\VoiceList.tsx": {"path":"E:\\repos\\vcprjs\\voice_clone\\frontend\\src\\components\\VoiceClone\\VoiceList.tsx","statementMap":{"0":{"start":{"line":11,"column":17},"end":{"line":11,"column":58}},"1":{"start":{"line":12,"column":18},"end":{"line":12,"column":46}},"2":{"start":{"line":13,"column":18},"end":{"line":13,"column":47}},"3":{"start":{"line":14,"column":24},"end":{"line":14,"column":73}},"4":{"start":{"line":15,"column":29},"end":{"line":15,"column":69}},"5":{"start":{"line":16,"column":24},"end":{"line":16,"column":79}},"6":{"start":{"line":17,"column":23},"end":{"line":17,"column":54}},"7":{"start":{"line":18,"column":23},"end":{"line":18,"column":60}},"8":{"start":{"line":19,"column":25},"end":{"line":19,"column":130}},"9":{"start":{"line":20,"column":22},"end":{"line":20,"column":106}},"10":{"start":{"line":22,"column":22},"end":{"line":39,"column":null}},"11":{"start":{"line":23,"column":4},"end":{"line":39,"column":null}},"12":{"start":{"line":24,"column":6},"end":{"line":30,"column":null}},"13":{"start":{"line":25,"column":8},"end":{"line":25,"column":null}},"14":{"start":{"line":26,"column":8},"end":{"line":26,"column":null}},"15":{"start":{"line":28,"column":8},"end":{"line":28,"column":null}},"16":{"start":{"line":30,"column":8},"end":{"line":30,"column":null}},"17":{"start":{"line":33,"column":18},"end":{"line":33,"column":39}},"18":{"start":{"line":34,"column":21},"end":{"line":34,"column":68}},"19":{"start":{"line":34,"column":37},"end":{"line":34,"column":68}},"20":{"start":{"line":35,"column":6},"end":{"line":35,"column":null}},"21":{"start":{"line":37,"column":6},"end":{"line":37,"column":null}},"22":{"start":{"line":39,"column":6},"end":{"line":39,"column":null}},"23":{"start":{"line":43,"column":29},"end":{"line":54,"column":null}},"24":{"start":{"line":44,"column":4},"end":{"line":44,"column":null}},"25":{"start":{"line":45,"column":4},"end":{"line":54,"column":null}},"26":{"start":{"line":46,"column":21},"end":{"line":46,"column":50}},"27":{"start":{"line":47,"column":6},"end":{"line":47,"column":null}},"28":{"start":{"line":48,"column":6},"end":{"line":48,"column":null}},"29":{"start":{"line":49,"column":6},"end":{"line":49,"column":null}},"30":{"start":{"line":51,"column":6},"end":{"line":51,"column":null}},"31":{"start":{"line":52,"column":6},"end":{"line":52,"column":null}},"32":{"start":{"line":54,"column":6},"end":{"line":54,"column":null}},"33":{"start":{"line":58,"column":2},"end":{"line":60,"column":null}},"34":{"start":{"line":59,"column":4},"end":{"line":59,"column":null}},"35":{"start":{"line":62,"column":23},"end":{"line":69,"column":null}},"36":{"start":{"line":63,"column":4},"end":{"line":63,"column":null}},"37":{"start":{"line":63,"column":40},"end":{"line":63,"column":null}},"38":{"start":{"line":64,"column":4},"end":{"line":69,"column":null}},"39":{"start":{"line":65,"column":6},"end":{"line":65,"column":null}},"40":{"start":{"line":66,"column":6},"end":{"line":66,"column":null}},"41":{"start":{"line":67,"column":6},"end":{"line":67,"column":null}},"42":{"start":{"line":69,"column":6},"end":{"line":69,"column":null}},"43":{"start":{"line":73,"column":8},"end":{"line":78,"column":null}},"44":{"start":{"line":74,"column":4},"end":{"line":74,"column":null}},"45":{"start":{"line":75,"column":4},"end":{"line":75,"column":null}},"46":{"start":{"line":76,"column":4},"end":{"line":76,"column":null}},"47":{"start":{"line":77,"column":4},"end":{"line":77,"column":null}},"48":{"start":{"line":78,"column":4},"end":{"line":78,"column":null}},"49":{"start":{"line":81,"column":25},"end":{"line":100,"column":null}},"50":{"start":{"line":82,"column":4},"end":{"line":82,"column":null}},"51":{"start":{"line":82,"column":24},"end":{"line":82,"column":null}},"52":{"start":{"line":83,"column":4},"end":{"line":83,"column":null}},"53":{"start":{"line":84,"column":4},"end":{"line":100,"column":null}},"54":{"start":{"line":85,"column":21},"end":{"line":93,"column":28}},"55":{"start":{"line":93,"column":19},"end":{"line":93,"column":27}},"56":{"start":{"line":94,"column":6},"end":{"line":94,"column":null}},"57":{"start":{"line":95,"column":6},"end":{"line":95,"column":null}},"58":{"start":{"line":97,"column":6},"end":{"line":97,"column":null}},"59":{"start":{"line":98,"column":6},"end":{"line":98,"column":null}},"60":{"start":{"line":100,"column":6},"end":{"line":100,"column":null}},"61":{"start":{"line":104,"column":8},"end":{"line":107,"column":null}},"62":{"start":{"line":105,"column":4},"end":{"line":105,"column":null}},"63":{"start":{"line":106,"column":4},"end":{"line":106,"column":null}},"64":{"start":{"line":107,"column":4},"end":{"line":107,"column":null}},"65":{"start":{"line":110,"column":43},"end":{"line":115,"column":null}},"66":{"start":{"line":117,"column":39},"end":{"line":121,"column":null}},"67":{"start":{"line":123,"column":46},"end":{"line":124,"column":null}},"68":{"start":{"line":127,"column":49},"end":{"line":132,"column":null}},"69":{"start":{"line":134,"column":46},"end":{"line":139,"column":null}},"70":{"start":{"line":141,"column":46},"end":{"line":144,"column":null}},"71":{"start":{"line":146,"column":46},"end":{"line":149,"column":null}},"72":{"start":{"line":151,"column":50},"end":{"line":154,"column":null}},"73":{"start":{"line":156,"column":2},"end":{"line":157,"column":null}},"74":{"start":{"line":157,"column":4},"end":{"line":157,"column":null}},"75":{"start":{"line":160,"column":2},"end":{"line":288,"column":null}},"76":{"start":{"line":176,"column":59},"end":{"line":176,"column":79}},"77":{"start":{"line":190,"column":12},"end":{"line":229,"column":null}},"78":{"start":{"line":215,"column":37},"end":{"line":215,"column":63}},"79":{"start":{"line":223,"column":35},"end":{"line":223,"column":57}},"80":{"start":{"line":264,"column":27},"end":{"line":264,"column":58}},"81":{"start":{"line":276,"column":27},"end":{"line":276,"column":null}}},"fnMap":{"0":{"name":"VoiceList","decl":{"start":{"line":10,"column":16},"end":{"line":10,"column":26}},"loc":{"start":{"line":10,"column":57},"end":{"line":288,"column":null}},"line":10},"1":{"name":"(anonymous_1)","decl":{"start":{"line":22,"column":22},"end":{"line":22,"column":34}},"loc":{"start":{"line":22,"column":34},"end":{"line":39,"column":null}},"line":22},"2":{"name":"(anonymous_2)","decl":{"start":{"line":34,"column":25},"end":{"line":34,"column":32}},"loc":{"start":{"line":34,"column":37},"end":{"line":34,"column":68}},"line":34},"3":{"name":"(anonymous_3)","decl":{"start":{"line":43,"column":29},"end":{"line":43,"column":41}},"loc":{"start":{"line":43,"column":41},"end":{"line":54,"column":null}},"line":43},"4":{"name":"(anonymous_4)","decl":{"start":{"line":58,"column":2},"end":{"line":58,"column":18}},"loc":{"start":{"line":58,"column":18},"end":{"line":60,"column":7}},"line":58},"5":{"name":"(anonymous_5)","decl":{"start":{"line":62,"column":23},"end":{"line":62,"column":30}},"loc":{"start":{"line":62,"column":45},"end":{"line":69,"column":null}},"line":62},"6":{"name":"(anonymous_6)","decl":{"start":{"line":73,"column":8},"end":{"line":73,"column":31}},"loc":{"start":{"line":73,"column":55},"end":{"line":78,"column":null}},"line":73},"7":{"name":"(anonymous_7)","decl":{"start":{"line":81,"column":25},"end":{"line":81,"column":37}},"loc":{"start":{"line":81,"column":37},"end":{"line":100,"column":null}},"line":81},"8":{"name":"(anonymous_8)","decl":{"start":{"line":93,"column":9},"end":{"line":93,"column":14}},"loc":{"start":{"line":93,"column":19},"end":{"line":93,"column":27}},"line":93},"9":{"name":"(anonymous_9)","decl":{"start":{"line":104,"column":8},"end":{"line":104,"column":33}},"loc":{"start":{"line":104,"column":33},"end":{"line":107,"column":null}},"line":104},"10":{"name":"(anonymous_10)","decl":{"start":{"line":176,"column":42},"end":{"line":176,"column":59}},"loc":{"start":{"line":176,"column":59},"end":{"line":176,"column":79}},"line":176},"11":{"name":"(anonymous_11)","decl":{"start":{"line":189,"column":18},"end":{"line":189,"column":23}},"loc":{"start":{"line":190,"column":12},"end":{"line":229,"column":null}},"line":190},"12":{"name":"(anonymous_12)","decl":{"start":{"line":215,"column":22},"end":{"line":215,"column":37}},"loc":{"start":{"line":215,"column":37},"end":{"line":215,"column":63}},"line":215},"13":{"name":"(anonymous_13)","decl":{"start":{"line":223,"column":20},"end":{"line":223,"column":35}},"loc":{"start":{"line":223,"column":35},"end":{"line":223,"column":57}},"line":223},"14":{"name":"(anonymous_14)","decl":{"start":{"line":264,"column":10},"end":{"line":264,"column":21}},"loc":{"start":{"line":264,"column":27},"end":{"line":264,"column":58}},"line":264},"15":{"name":"(anonymous_15)","decl":{"start":{"line":276,"column":10},"end":{"line":276,"column":21}},"loc":{"start":{"line":276,"column":27},"end":{"line":276,"column":null}},"line":276}},"branchMap":{"0":{"loc":{"start":{"line":34,"column":37},"end":{"line":34,"column":68}},"type":"binary-expr","locations":[{"start":{"line":34,"column":37},"end":{"line":34,"column":52}},{"start":{"line":34,"column":52},"end":{"line":34,"column":68}}],"line":34},"1":{"loc":{"start":{"line":63,"column":4},"end":{"line":63,"column":null}},"type":"if","locations":[{"start":{"line":63,"column":4},"end":{"line":63,"column":null}},{"start":{},"end":{}}],"line":63},"2":{"loc":{"start":{"line":82,"column":4},"end":{"line":82,"column":null}},"type":"if","locations":[{"start":{"line":82,"column":4},"end":{"line":82,"column":null}},{"start":{},"end":{}}],"line":82},"3":{"loc":{"start":{"line":156,"column":2},"end":{"line":157,"column":null}},"type":"if","locations":[{"start":{"line":156,"column":2},"end":{"line":157,"column":null}},{"start":{},"end":{}}],"line":156},"4":{"loc":{"start":{"line":156,"column":6},"end":{"line":156,"column":26}},"type":"binary-expr","locations":[{"start":{"line":156,"column":6},"end":{"line":156,"column":17}},{"start":{"line":156,"column":17},"end":{"line":156,"column":26}}],"line":156},"5":{"loc":{"start":{"line":157,"column":29},"end":{"line":157,"column":87}},"type":"cond-expr","locations":[{"start":{"line":157,"column":39},"end":{"line":157,"column":64}},{"start":{"line":157,"column":64},"end":{"line":157,"column":87}}],"line":157},"6":{"loc":{"start":{"line":175,"column":7},"end":{"line":178,"column":null}},"type":"binary-expr","locations":[{"start":{"line":175,"column":7},"end":{"line":175,"column":null}},{"start":{"line":176,"column":8},"end":{"line":178,"column":null}}],"line":175},"7":{"loc":{"start":{"line":181,"column":7},"end":{"line":231,"column":null}},"type":"cond-expr","locations":[{"start":{"line":182,"column":8},"end":{"line":188,"column":9}},{"start":{"line":188,"column":8},"end":{"line":231,"column":null}}],"line":181},"8":{"loc":{"start":{"line":197,"column":23},"end":{"line":205,"column":null}},"type":"cond-expr","locations":[{"start":{"line":198,"column":24},"end":{"line":203,"column":null}},{"start":{"line":205,"column":24},"end":{"line":205,"column":null}}],"line":197},"9":{"loc":{"start":{"line":200,"column":31},"end":{"line":200,"column":null}},"type":"binary-expr","locations":[{"start":{"line":200,"column":31},"end":{"line":200,"column":54}},{"start":{"line":200,"column":54},"end":{"line":200,"column":null}}],"line":200},"10":{"loc":{"start":{"line":202,"column":27},"end":{"line":202,"column":null}},"type":"binary-expr","locations":[{"start":{"line":202,"column":27},"end":{"line":202,"column":46}},{"start":{"line":202,"column":46},"end":{"line":202,"column":null}}],"line":202},"11":{"loc":{"start":{"line":211,"column":19},"end":{"line":220,"column":19}},"type":"binary-expr","locations":[{"start":{"line":211,"column":19},"end":{"line":211,"column":null}},{"start":{"line":212,"column":20},"end":{"line":220,"column":19}}],"line":211},"12":{"loc":{"start":{"line":235,"column":16},"end":{"line":235,"column":null}},"type":"binary-expr","locations":[{"start":{"line":235,"column":16},"end":{"line":235,"column":38}},{"start":{"line":235,"column":38},"end":{"line":235,"column":null}}],"line":235},"13":{"loc":{"start":{"line":241,"column":15},"end":{"line":241,"column":null}},"type":"cond-expr","locations":[{"start":{"line":241,"column":32},"end":{"line":241,"column":42}},{"start":{"line":241,"column":42},"end":{"line":241,"column":null}}],"line":241},"14":{"loc":{"start":{"line":243,"column":13},"end":{"line":251,"column":null}},"type":"binary-expr","locations":[{"start":{"line":243,"column":13},"end":{"line":243,"column":null}},{"start":{"line":244,"column":14},"end":{"line":251,"column":null}}],"line":243},"15":{"loc":{"start":{"line":250,"column":17},"end":{"line":250,"column":null}},"type":"cond-expr","locations":[{"start":{"line":250,"column":33},"end":{"line":250,"column":48}},{"start":{"line":250,"column":48},"end":{"line":250,"column":null}}],"line":250},"16":{"loc":{"start":{"line":279,"column":9},"end":{"line":284,"column":null}},"type":"binary-expr","locations":[{"start":{"line":279,"column":9},"end":{"line":279,"column":null}},{"start":{"line":280,"column":10},"end":{"line":284,"column":null}}],"line":279},"17":{"loc":{"start":{"line":284,"column":46},"end":{"line":284,"column":139}},"type":"cond-expr","locations":[{"start":{"line":284,"column":73},"end":{"line":284,"column":124}},{"start":{"line":284,"column":127},"end":{"line":284,"column":139}}],"line":284}},"s":{"0":14,"1":14,"2":14,"3":14,"4":14,"5":14,"6":14,"7":14,"8":14,"9":14,"10":14,"11":6,"12":6,"13":6,"14":6,"15":0,"16":2,"17":2,"18":2,"19":1,"20":2,"21":0,"22":2,"23":14,"24":0,"25":0,"26":0,"27":0,"28":0,"29":0,"30":0,"31":0,"32":0,"33":14,"34":6,"35":14,"36":0,"37":0,"38":0,"39":0,"40":0,"41":0,"42":0,"43":14,"44":0,"45":0,"46":0,"47":0,"48":0,"49":14,"50":0,"51":0,"52":0,"53":0,"54":0,"55":0,"56":0,"57":0,"58":0,"59":0,"60":0,"61":14,"62":0,"63":0,"64":0,"65":14,"66":14,"67":14,"68":14,"69":14,"70":14,"71":14,"72":14,"73":14,"74":12,"75":2,"76":0,"77":1,"78":0,"79":0,"80":0,"81":0},"f":{"0":14,"1":6,"2":1,"3":0,"4":6,"5":0,"6":0,"7":0,"8":0,"9":0,"10":0,"11":1,"12":0,"13":0,"14":0,"15":0},"b":{"0":[1,1],"1":[0,0],"2":[0,0],"3":[12,2],"4":[14,2],"5":[6,6],"6":[2,0],"7":[1,1],"8":[1,0],"9":[1,0],"10":[1,0],"11":[1,0],"12":[14,0],"13":[0,2],"14":[14,2],"15":[0,2],"16":[14,0],"17":[0,0]},"meta":{"lastBranch":18,"lastFunction":16,"lastStatement":82,"seen":{"f:10:16:10:26":0,"s:11:17:11:58":0,"s:12:18:12:46":1,"s:13:18:13:47":2,"s:14:24:14:73":3,"s:15:29:15:69":4,"s:16:24:16:79":5,"s:17:23:17:54":6,"s:18:23:18:60":7,"s:19:25:19:130":8,"s:20:22:20:106":9,"s:22:22:39:Infinity":10,"f:22:22:22:34":1,"s:23:4:39:Infinity":11,"s:24:6:30:Infinity":12,"s:25:8:25:Infinity":13,"s:26:8:26:Infinity":14,"s:28:8:28:Infinity":15,"s:30:8:30:Infinity":16,"s:33:18:33:39":17,"s:34:21:34:68":18,"f:34:25:34:32":2,"s:34:37:34:68":19,"b:34:37:34:52:34:52:34:68":0,"s:35:6:35:Infinity":20,"s:37:6:37:Infinity":21,"s:39:6:39:Infinity":22,"s:43:29:54:Infinity":23,"f:43:29:43:41":3,"s:44:4:44:Infinity":24,"s:45:4:54:Infinity":25,"s:46:21:46:50":26,"s:47:6:47:Infinity":27,"s:48:6:48:Infinity":28,"s:49:6:49:Infinity":29,"s:51:6:51:Infinity":30,"s:52:6:52:Infinity":31,"s:54:6:54:Infinity":32,"s:58:2:60:Infinity":33,"f:58:2:58:18":4,"s:59:4:59:Infinity":34,"s:62:23:69:Infinity":35,"f:62:23:62:30":5,"b:63:4:63:Infinity:undefined:undefined:undefined:undefined":1,"s:63:4:63:Infinity":36,"s:63:40:63:Infinity":37,"s:64:4:69:Infinity":38,"s:65:6:65:Infinity":39,"s:66:6:66:Infinity":40,"s:67:6:67:Infinity":41,"s:69:6:69:Infinity":42,"s:73:8:78:Infinity":43,"f:73:8:73:31":6,"s:74:4:74:Infinity":44,"s:75:4:75:Infinity":45,"s:76:4:76:Infinity":46,"s:77:4:77:Infinity":47,"s:78:4:78:Infinity":48,"s:81:25:100:Infinity":49,"f:81:25:81:37":7,"b:82:4:82:Infinity:undefined:undefined:undefined:undefined":2,"s:82:4:82:Infinity":50,"s:82:24:82:Infinity":51,"s:83:4:83:Infinity":52,"s:84:4:100:Infinity":53,"s:85:21:93:28":54,"f:93:9:93:14":8,"s:93:19:93:27":55,"s:94:6:94:Infinity":56,"s:95:6:95:Infinity":57,"s:97:6:97:Infinity":58,"s:98:6:98:Infinity":59,"s:100:6:100:Infinity":60,"s:104:8:107:Infinity":61,"f:104:8:104:33":9,"s:105:4:105:Infinity":62,"s:106:4:106:Infinity":63,"s:107:4:107:Infinity":64,"s:110:43:115:Infinity":65,"s:117:39:121:Infinity":66,"s:123:46:124:Infinity":67,"s:127:49:132:Infinity":68,"s:134:46:139:Infinity":69,"s:141:46:144:Infinity":70,"s:146:46:149:Infinity":71,"s:151:50:154:Infinity":72,"b:156:2:157:Infinity:undefined:undefined:undefined:undefined":3,"s:156:2:157:Infinity":73,"b:156:6:156:17:156:17:156:26":4,"s:157:4:157:Infinity":74,"b:157:39:157:64:157:64:157:87":5,"s:160:2:288:Infinity":75,"b:175:7:175:Infinity:176:8:178:Infinity":6,"f:176:42:176:59":10,"s:176:59:176:79":76,"b:182:8:188:9:188:8:231:Infinity":7,"f:189:18:189:23":11,"s:190:12:229:Infinity":77,"b:198:24:203:Infinity:205:24:205:Infinity":8,"b:200:31:200:54:200:54:200:Infinity":9,"b:202:27:202:46:202:46:202:Infinity":10,"b:211:19:211:Infinity:212:20:220:19":11,"f:215:22:215:37":12,"s:215:37:215:63":78,"f:223:20:223:35":13,"s:223:35:223:57":79,"b:235:16:235:38:235:38:235:Infinity":12,"b:241:32:241:42:241:42:241:Infinity":13,"b:243:13:243:Infinity:244:14:251:Infinity":14,"b:250:33:250:48:250:48:250:Infinity":15,"f:264:10:264:21":14,"s:264:27:264:58":80,"f:276:10:276:21":15,"s:276:27:276:Infinity":81,"b:279:9:279:Infinity:280:10:284:Infinity":16,"b:284:73:284:124:284:127:284:139":17}}}
,"E:\\repos\\vcprjs\\voice_clone\\frontend\\src\\components\\ui\\Alert.tsx": {"path":"E:\\repos\\vcprjs\\voice_clone\\frontend\\src\\components\\ui\\Alert.tsx","statementMap":{"0":{"start":{"line":10,"column":13},"end":{"line":84,"column":null}},"1":{"start":{"line":11,"column":119},"end":{"line":36,"column":null}},"2":{"start":{"line":38,"column":23},"end":{"line":38,"column":null}},"3":{"start":{"line":40,"column":46},"end":{"line":51,"column":null}},"4":{"start":{"line":53,"column":41},"end":{"line":56,"column":null}},"5":{"start":{"line":58,"column":50},"end":{"line":69,"column":null}},"6":{"start":{"line":71,"column":2},"end":{"line":84,"column":null}},"7":{"start":{"line":80,"column":31},"end":{"line":80,"column":null}},"8":{"start":{"line":81,"column":31},"end":{"line":81,"column":null}}},"fnMap":{"0":{"name":"(anonymous_0)","decl":{"start":{"line":10,"column":13},"end":{"line":10,"column":44}},"loc":{"start":{"line":10,"column":97},"end":{"line":84,"column":null}},"line":10},"1":{"name":"(anonymous_1)","decl":{"start":{"line":80,"column":10},"end":{"line":80,"column":25}},"loc":{"start":{"line":80,"column":31},"end":{"line":80,"column":null}},"line":80},"2":{"name":"(anonymous_2)","decl":{"start":{"line":81,"column":10},"end":{"line":81,"column":25}},"loc":{"start":{"line":81,"column":31},"end":{"line":81,"column":null}},"line":81}},"branchMap":{"0":{"loc":{"start":{"line":10,"column":46},"end":{"line":10,"column":64}},"type":"default-arg","locations":[{"start":{"line":10,"column":56},"end":{"line":10,"column":64}}],"line":10},"1":{"loc":{"start":{"line":75,"column":7},"end":{"line":84,"column":null}},"type":"binary-expr","locations":[{"start":{"line":75,"column":7},"end":{"line":75,"column":null}},{"start":{"line":76,"column":8},"end":{"line":84,"column":null}}],"line":75}},"s":{"0":2,"1":0,"2":0,"3":0,"4":0,"5":0,"6":0,"7":0,"8":0},"f":{"0":0,"1":0,"2":0},"b":{"0":[0],"1":[0,0]},"meta":{"lastBranch":2,"lastFunction":3,"lastStatement":9,"seen":{"s:10:13:84:Infinity":0,"f:10:13:10:44":0,"b:10:56:10:64":0,"s:11:119:36:Infinity":1,"s:38:23:38:Infinity":2,"s:40:46:51:Infinity":3,"s:53:41:56:Infinity":4,"s:58:50:69:Infinity":5,"s:71:2:84:Infinity":6,"b:75:7:75:Infinity:76:8:84:Infinity":1,"f:80:10:80:25":1,"s:80:31:80:Infinity":7,"f:81:10:81:25":2,"s:81:31:81:Infinity":8}}}
,"E:\\repos\\vcprjs\\voice_clone\\frontend\\src\\components\\ui\\Button.tsx": {"path":"E:\\repos\\vcprjs\\voice_clone\\frontend\\src\\components\\ui\\Button.tsx","statementMap":{"0":{"start":{"line":11,"column":13},"end":{"line":76,"column":null}},"1":{"start":{"line":21,"column":43},"end":{"line":33,"column":null}},"2":{"start":{"line":35,"column":8},"end":{"line":55,"column":null}},"3":{"start":{"line":36,"column":63},"end":{"line":54,"column":null}},"4":{"start":{"line":55,"column":4},"end":{"line":55,"column":null}},"5":{"start":{"line":58,"column":8},"end":{"line":64,"column":null}},"6":{"start":{"line":59,"column":55},"end":{"line":63,"column":null}},"7":{"start":{"line":64,"column":4},"end":{"line":64,"column":null}},"8":{"start":{"line":67,"column":2},"end":{"line":76,"column":null}}},"fnMap":{"0":{"name":"(anonymous_0)","decl":{"start":{"line":11,"column":13},"end":{"line":11,"column":46}},"loc":{"start":{"line":20,"column":6},"end":{"line":76,"column":null}},"line":20},"1":{"name":"(anonymous_1)","decl":{"start":{"line":35,"column":8},"end":{"line":35,"column":33}},"loc":{"start":{"line":35,"column":33},"end":{"line":55,"column":null}},"line":35},"2":{"name":"(anonymous_2)","decl":{"start":{"line":58,"column":8},"end":{"line":58,"column":30}},"loc":{"start":{"line":58,"column":30},"end":{"line":64,"column":null}},"line":58}},"branchMap":{"0":{"loc":{"start":{"line":12,"column":2},"end":{"line":12,"column":null}},"type":"default-arg","locations":[{"start":{"line":12,"column":12},"end":{"line":12,"column":null}}],"line":12},"1":{"loc":{"start":{"line":13,"column":2},"end":{"line":13,"column":null}},"type":"default-arg","locations":[{"start":{"line":13,"column":9},"end":{"line":13,"column":null}}],"line":13},"2":{"loc":{"start":{"line":14,"column":2},"end":{"line":14,"column":null}},"type":"default-arg","locations":[{"start":{"line":14,"column":12},"end":{"line":14,"column":null}}],"line":14},"3":{"loc":{"start":{"line":15,"column":2},"end":{"line":15,"column":null}},"type":"default-arg","locations":[{"start":{"line":15,"column":14},"end":{"line":15,"column":null}}],"line":15},"4":{"loc":{"start":{"line":30,"column":13},"end":{"line":30,"column":null}},"type":"cond-expr","locations":[{"start":{"line":30,"column":35},"end":{"line":30,"column":41}},{"start":{"line":30,"column":41},"end":{"line":30,"column":null}}],"line":30},"5":{"loc":{"start":{"line":30,"column":13},"end":{"line":30,"column":35}},"type":"binary-expr","locations":[{"start":{"line":30,"column":13},"end":{"line":30,"column":25}},{"start":{"line":30,"column":25},"end":{"line":30,"column":35}}],"line":30},"6":{"loc":{"start":{"line":31,"column":19},"end":{"line":31,"column":null}},"type":"cond-expr","locations":[{"start":{"line":31,"column":41},"end":{"line":31,"column":50}},{"start":{"line":31,"column":50},"end":{"line":31,"column":null}}],"line":31},"7":{"loc":{"start":{"line":31,"column":19},"end":{"line":31,"column":41}},"type":"binary-expr","locations":[{"start":{"line":31,"column":19},"end":{"line":31,"column":31}},{"start":{"line":31,"column":31},"end":{"line":31,"column":41}}],"line":31},"8":{"loc":{"start":{"line":32,"column":11},"end":{"line":32,"column":null}},"type":"cond-expr","locations":[{"start":{"line":32,"column":23},"end":{"line":32,"column":32}},{"start":{"line":32,"column":32},"end":{"line":32,"column":null}}],"line":32},"9":{"loc":{"start":{"line":69,"column":78},"end":{"line":69,"column":100}},"type":"cond-expr","locations":[{"start":{"line":69,"column":90},"end":{"line":69,"column":92}},{"start":{"line":69,"column":95},"end":{"line":69,"column":100}}],"line":69},"10":{"loc":{"start":{"line":70,"column":16},"end":{"line":70,"column":null}},"type":"binary-expr","locations":[{"start":{"line":70,"column":16},"end":{"line":70,"column":28}},{"start":{"line":70,"column":28},"end":{"line":70,"column":null}}],"line":70},"11":{"loc":{"start":{"line":75,"column":7},"end":{"line":76,"column":null}},"type":"binary-expr","locations":[{"start":{"line":75,"column":7},"end":{"line":75,"column":18}},{"start":{"line":75,"column":18},"end":{"line":76,"column":null}}],"line":75}},"s":{"0":2,"1":9,"2":9,"3":9,"4":9,"5":9,"6":9,"7":9,"8":9},"f":{"0":9,"1":9,"2":9},"b":{"0":[9],"1":[9],"2":[9],"3":[9],"4":[0,9],"5":[9,9],"6":[0,9],"7":[9,9],"8":[6,3],"9":[0,9],"10":[9,9],"11":[9,0]},"meta":{"lastBranch":12,"lastFunction":3,"lastStatement":9,"seen":{"s:11:13:76:Infinity":0,"f:11:13:11:46":0,"b:12:12:12:Infinity":0,"b:13:9:13:Infinity":1,"b:14:12:14:Infinity":2,"b:15:14:15:Infinity":3,"s:21:43:33:Infinity":1,"b:30:35:30:41:30:41:30:Infinity":4,"b:30:13:30:25:30:25:30:35":5,"b:31:41:31:50:31:50:31:Infinity":6,"b:31:19:31:31:31:31:31:41":7,"b:32:23:32:32:32:32:32:Infinity":8,"s:35:8:55:Infinity":2,"f:35:8:35:33":1,"s:36:63:54:Infinity":3,"s:55:4:55:Infinity":4,"s:58:8:64:Infinity":5,"f:58:8:58:30":2,"s:59:55:63:Infinity":6,"s:64:4:64:Infinity":7,"s:67:2:76:Infinity":8,"b:69:90:69:92:69:95:69:100":9,"b:70:16:70:28:70:28:70:Infinity":10,"b:75:7:75:18:75:18:76:Infinity":11}}}
,"E:\\repos\\vcprjs\\voice_clone\\frontend\\src\\components\\ui\\Card.tsx": {"path":"E:\\repos\\vcprjs\\voice_clone\\frontend\\src\\components\\ui\\Card.tsx","statementMap":{"0":{"start":{"line":11,"column":13},"end":{"line":41,"column":null}},"1":{"start":{"line":12,"column":41},"end":{"line":19,"column":null}},"2":{"start":{"line":21,"column":43},"end":{"line":25,"column":null}},"3":{"start":{"line":27,"column":41},"end":{"line":28,"column":null}},"4":{"start":{"line":31,"column":43},"end":{"line":35,"column":null}},"5":{"start":{"line":37,"column":2},"end":{"line":41,"column":null}}},"fnMap":{"0":{"name":"(anonymous_0)","decl":{"start":{"line":11,"column":13},"end":{"line":11,"column":42}},"loc":{"start":{"line":11,"column":93},"end":{"line":41,"column":null}},"line":11}},"branchMap":{"0":{"loc":{"start":{"line":23,"column":18},"end":{"line":23,"column":null}},"type":"cond-expr","locations":[{"start":{"line":23,"column":27},"end":{"line":23,"column":67}},{"start":{"line":23,"column":67},"end":{"line":23,"column":null}}],"line":23},"1":{"loc":{"start":{"line":33,"column":15},"end":{"line":33,"column":null}},"type":"cond-expr","locations":[{"start":{"line":33,"column":24},"end":{"line":33,"column":64}},{"start":{"line":33,"column":64},"end":{"line":33,"column":null}}],"line":33},"2":{"loc":{"start":{"line":38,"column":28},"end":{"line":38,"column":47}},"type":"binary-expr","locations":[{"start":{"line":38,"column":28},"end":{"line":38,"column":41}},{"start":{"line":38,"column":41},"end":{"line":38,"column":47}}],"line":38},"3":{"loc":{"start":{"line":39,"column":7},"end":{"line":39,"column":null}},"type":"binary-expr","locations":[{"start":{"line":39,"column":7},"end":{"line":39,"column":17}},{"start":{"line":39,"column":17},"end":{"line":39,"column":null}}],"line":39},"4":{"loc":{"start":{"line":41,"column":7},"end":{"line":41,"column":null}},"type":"binary-expr","locations":[{"start":{"line":41,"column":7},"end":{"line":41,"column":17}},{"start":{"line":41,"column":17},"end":{"line":41,"column":null}}],"line":41}},"s":{"0":2,"1":7,"2":7,"3":7,"4":7,"5":7},"f":{"0":7},"b":{"0":[0,7],"1":[0,7],"2":[7,7],"3":[7,0],"4":[7,0]},"meta":{"lastBranch":5,"lastFunction":1,"lastStatement":6,"seen":{"s:11:13:41:Infinity":0,"f:11:13:11:42":0,"s:12:41:19:Infinity":1,"s:21:43:25:Infinity":2,"b:23:27:23:67:23:67:23:Infinity":0,"s:27:41:28:Infinity":3,"s:31:43:35:Infinity":4,"b:33:24:33:64:33:64:33:Infinity":1,"s:37:2:41:Infinity":5,"b:38:28:38:41:38:41:38:47":2,"b:39:7:39:17:39:17:39:Infinity":3,"b:41:7:41:17:41:17:41:Infinity":4}}}
,"E:\\repos\\vcprjs\\voice_clone\\frontend\\src\\components\\ui\\EmptyState.tsx": {"path":"E:\\repos\\vcprjs\\voice_clone\\frontend\\src\\components\\ui\\EmptyState.tsx","statementMap":{"0":{"start":{"line":10,"column":13},"end":{"line":45,"column":null}},"1":{"start":{"line":11,"column":46},"end":{"line":18,"column":null}},"2":{"start":{"line":20,"column":41},"end":{"line":24,"column":null}},"3":{"start":{"line":26,"column":42},"end":{"line":31,"column":null}},"4":{"start":{"line":33,"column":48},"end":{"line":38,"column":null}},"5":{"start":{"line":40,"column":2},"end":{"line":45,"column":null}}},"fnMap":{"0":{"name":"(anonymous_0)","decl":{"start":{"line":10,"column":13},"end":{"line":10,"column":54}},"loc":{"start":{"line":10,"column":95},"end":{"line":45,"column":null}},"line":10}},"branchMap":{"0":{"loc":{"start":{"line":36,"column":18},"end":{"line":36,"column":null}},"type":"cond-expr","locations":[{"start":{"line":36,"column":27},"end":{"line":36,"column":49}},{"start":{"line":36,"column":49},"end":{"line":36,"column":null}}],"line":36},"1":{"loc":{"start":{"line":42,"column":7},"end":{"line":42,"column":null}},"type":"binary-expr","locations":[{"start":{"line":42,"column":7},"end":{"line":42,"column":15}},{"start":{"line":42,"column":15},"end":{"line":42,"column":null}}],"line":42},"2":{"loc":{"start":{"line":44,"column":7},"end":{"line":44,"column":null}},"type":"binary-expr","locations":[{"start":{"line":44,"column":7},"end":{"line":44,"column":22}},{"start":{"line":44,"column":22},"end":{"line":44,"column":null}}],"line":44},"3":{"loc":{"start":{"line":45,"column":7},"end":{"line":45,"column":null}},"type":"binary-expr","locations":[{"start":{"line":45,"column":7},"end":{"line":45,"column":17}},{"start":{"line":45,"column":17},"end":{"line":45,"column":null}}],"line":45}},"s":{"0":2,"1":1,"2":1,"3":1,"4":1,"5":1},"f":{"0":1},"b":{"0":[0,1],"1":[1,1],"2":[1,1],"3":[1,0]},"meta":{"lastBranch":4,"lastFunction":1,"lastStatement":6,"seen":{"s:10:13:45:Infinity":0,"f:10:13:10:54":0,"s:11:46:18:Infinity":1,"s:20:41:24:Infinity":2,"s:26:42:31:Infinity":3,"s:33:48:38:Infinity":4,"b:36:27:36:49:36:49:36:Infinity":0,"s:40:2:45:Infinity":5,"b:42:7:42:15:42:15:42:Infinity":1,"b:44:7:44:22:44:22:44:Infinity":2,"b:45:7:45:17:45:17:45:Infinity":3}}}
,"E:\\repos\\vcprjs\\voice_clone\\frontend\\src\\components\\ui\\Input.tsx": {"path":"E:\\repos\\vcprjs\\voice_clone\\frontend\\src\\components\\ui\\Input.tsx","statementMap":{"0":{"start":{"line":9,"column":13},"end":{"line":62,"column":null}},"1":{"start":{"line":10,"column":42},"end":{"line":21,"column":null}},"2":{"start":{"line":23,"column":42},"end":{"line":29,"column":null}},"3":{"start":{"line":31,"column":42},"end":{"line":35,"column":null}},"4":{"start":{"line":37,"column":23},"end":{"line":55,"column":null}},"5":{"start":{"line":48,"column":8},"end":{"line":48,"column":null}},"6":{"start":{"line":49,"column":8},"end":{"line":49,"column":null}},"7":{"start":{"line":52,"column":8},"end":{"line":52,"column":null}},"8":{"start":{"line":53,"column":8},"end":{"line":53,"column":null}},"9":{"start":{"line":58,"column":2},"end":{"line":62,"column":null}}},"fnMap":{"0":{"name":"(anonymous_0)","decl":{"start":{"line":9,"column":13},"end":{"line":9,"column":44}},"loc":{"start":{"line":9,"column":101},"end":{"line":62,"column":null}},"line":9},"1":{"name":"(anonymous_1)","decl":{"start":{"line":47,"column":6},"end":{"line":47,"column":16}},"loc":{"start":{"line":47,"column":22},"end":{"line":49,"column":null}},"line":47},"2":{"name":"(anonymous_2)","decl":{"start":{"line":51,"column":6},"end":{"line":51,"column":15}},"loc":{"start":{"line":51,"column":21},"end":{"line":53,"column":null}},"line":51}},"branchMap":{"0":{"loc":{"start":{"line":9,"column":46},"end":{"line":9,"column":61}},"type":"default-arg","locations":[{"start":{"line":9,"column":53},"end":{"line":9,"column":61}}],"line":9},"1":{"loc":{"start":{"line":14,"column":12},"end":{"line":14,"column":null}},"type":"cond-expr","locations":[{"start":{"line":14,"column":20},"end":{"line":14,"column":54}},{"start":{"line":14,"column":54},"end":{"line":14,"column":null}}],"line":14},"2":{"loc":{"start":{"line":37,"column":23},"end":{"line":55,"column":null}},"type":"cond-expr","locations":[{"start":{"line":38,"column":4},"end":{"line":43,"column":5}},{"start":{"line":43,"column":4},"end":{"line":55,"column":null}}],"line":37},"3":{"loc":{"start":{"line":52,"column":44},"end":{"line":52,"column":null}},"type":"cond-expr","locations":[{"start":{"line":52,"column":52},"end":{"line":52,"column":76}},{"start":{"line":52,"column":76},"end":{"line":52,"column":null}}],"line":52},"4":{"loc":{"start":{"line":60,"column":7},"end":{"line":60,"column":null}},"type":"binary-expr","locations":[{"start":{"line":60,"column":7},"end":{"line":60,"column":16}},{"start":{"line":60,"column":16},"end":{"line":60,"column":null}}],"line":60},"5":{"loc":{"start":{"line":62,"column":7},"end":{"line":62,"column":null}},"type":"binary-expr","locations":[{"start":{"line":62,"column":7},"end":{"line":62,"column":16}},{"start":{"line":62,"column":16},"end":{"line":62,"column":null}}],"line":62}},"s":{"0":2,"1":0,"2":0,"3":0,"4":0,"5":0,"6":0,"7":0,"8":0,"9":0},"f":{"0":0,"1":0,"2":0},"b":{"0":[0],"1":[0,0],"2":[0,0],"3":[0,0],"4":[0,0],"5":[0,0]},"meta":{"lastBranch":6,"lastFunction":3,"lastStatement":10,"seen":{"s:9:13:62:Infinity":0,"f:9:13:9:44":0,"b:9:53:9:61":0,"s:10:42:21:Infinity":1,"b:14:20:14:54:14:54:14:Infinity":1,"s:23:42:29:Infinity":2,"s:31:42:35:Infinity":3,"s:37:23:55:Infinity":4,"b:38:4:43:5:43:4:55:Infinity":2,"f:47:6:47:16":1,"s:48:8:48:Infinity":5,"s:49:8:49:Infinity":6,"f:51:6:51:15":2,"s:52:8:52:Infinity":7,"b:52:52:52:76:52:76:52:Infinity":3,"s:53:8:53:Infinity":8,"s:58:2:62:Infinity":9,"b:60:7:60:16:60:16:60:Infinity":4,"b:62:7:62:16:62:16:62:Infinity":5}}}
,"E:\\repos\\vcprjs\\voice_clone\\frontend\\src\\components\\ui\\Loading.tsx": {"path":"E:\\repos\\vcprjs\\voice_clone\\frontend\\src\\components\\ui\\Loading.tsx","statementMap":{"0":{"start":{"line":8,"column":13},"end":{"line":58,"column":null}},"1":{"start":{"line":9,"column":42},"end":{"line":13,"column":null}},"2":{"start":{"line":15,"column":22},"end":{"line":15,"column":null}},"3":{"start":{"line":17,"column":46},"end":{"line":24,"column":null}},"4":{"start":{"line":26,"column":44},"end":{"line":33,"column":null}},"5":{"start":{"line":35,"column":44},"end":{"line":38,"column":null}},"6":{"start":{"line":40,"column":2},"end":{"line":53,"column":null}},"7":{"start":{"line":42,"column":18},"end":{"line":42,"column":49}},"8":{"start":{"line":43,"column":4},"end":{"line":43,"column":null}},"9":{"start":{"line":49,"column":4},"end":{"line":49,"column":null}},"10":{"start":{"line":50,"column":4},"end":{"line":51,"column":null}},"11":{"start":{"line":51,"column":6},"end":{"line":51,"column":null}},"12":{"start":{"line":55,"column":2},"end":{"line":58,"column":null}}},"fnMap":{"0":{"name":"(anonymous_0)","decl":{"start":{"line":8,"column":13},"end":{"line":8,"column":48}},"loc":{"start":{"line":8,"column":77},"end":{"line":58,"column":null}},"line":8},"1":{"name":"(anonymous_1)","decl":{"start":{"line":40,"column":2},"end":{"line":40,"column":18}},"loc":{"start":{"line":40,"column":18},"end":{"line":53,"column":7}},"line":40},"2":{"name":"(anonymous_2)","decl":{"start":{"line":50,"column":4},"end":{"line":50,"column":17}},"loc":{"start":{"line":50,"column":17},"end":{"line":51,"column":null}},"line":50}},"branchMap":{"0":{"loc":{"start":{"line":8,"column":59},"end":{"line":8,"column":77}},"type":"default-arg","locations":[{"start":{"line":8,"column":66},"end":{"line":8,"column":77}}],"line":8},"1":{"loc":{"start":{"line":58,"column":7},"end":{"line":58,"column":null}},"type":"binary-expr","locations":[{"start":{"line":58,"column":7},"end":{"line":58,"column":18}},{"start":{"line":58,"column":18},"end":{"line":58,"column":null}}],"line":58}},"s":{"0":2,"1":12,"2":12,"3":12,"4":12,"5":12,"6":12,"7":6,"8":6,"9":6,"10":6,"11":6,"12":12},"f":{"0":12,"1":6,"2":6},"b":{"0":[12],"1":[12,12]},"meta":{"lastBranch":2,"lastFunction":3,"lastStatement":13,"seen":{"s:8:13:58:Infinity":0,"f:8:13:8:48":0,"b:8:66:8:77":0,"s:9:42:13:Infinity":1,"s:15:22:15:Infinity":2,"s:17:46:24:Infinity":3,"s:26:44:33:Infinity":4,"s:35:44:38:Infinity":5,"s:40:2:53:Infinity":6,"f:40:2:40:18":1,"s:42:18:42:49":7,"s:43:4:43:Infinity":8,"s:49:4:49:Infinity":9,"s:50:4:51:Infinity":10,"f:50:4:50:17":2,"s:51:6:51:Infinity":11,"s:55:2:58:Infinity":12,"b:58:7:58:18:58:18:58:Infinity":1}}}
,"E:\\repos\\vcprjs\\voice_clone\\frontend\\src\\components\\ui\\Modal.tsx": {"path":"E:\\repos\\vcprjs\\voice_clone\\frontend\\src\\components\\ui\\Modal.tsx","statementMap":{"0":{"start":{"line":11,"column":13},"end":{"line":97,"column":null}},"1":{"start":{"line":12,"column":2},"end":{"line":21,"column":null}},"2":{"start":{"line":13,"column":4},"end":{"line":16,"column":null}},"3":{"start":{"line":14,"column":6},"end":{"line":14,"column":null}},"4":{"start":{"line":16,"column":6},"end":{"line":16,"column":null}},"5":{"start":{"line":18,"column":4},"end":{"line":19,"column":null}},"6":{"start":{"line":19,"column":6},"end":{"line":19,"column":null}},"7":{"start":{"line":23,"column":2},"end":{"line":23,"column":null}},"8":{"start":{"line":23,"column":15},"end":{"line":23,"column":null}},"9":{"start":{"line":25,"column":44},"end":{"line":37,"column":null}},"10":{"start":{"line":39,"column":42},"end":{"line":47,"column":null}},"11":{"start":{"line":49,"column":43},"end":{"line":55,"column":null}},"12":{"start":{"line":57,"column":41},"end":{"line":58,"column":null}},"13":{"start":{"line":61,"column":43},"end":{"line":67,"column":null}},"14":{"start":{"line":69,"column":48},"end":{"line":77,"column":null}},"15":{"start":{"line":79,"column":2},"end":{"line":97,"column":null}},"16":{"start":{"line":81,"column":46},"end":{"line":81,"column":65}}},"fnMap":{"0":{"name":"(anonymous_0)","decl":{"start":{"line":11,"column":13},"end":{"line":11,"column":44}},"loc":{"start":{"line":11,"column":93},"end":{"line":97,"column":null}},"line":11},"1":{"name":"(anonymous_1)","decl":{"start":{"line":12,"column":2},"end":{"line":12,"column":18}},"loc":{"start":{"line":12,"column":18},"end":{"line":21,"column":6}},"line":12},"2":{"name":"(anonymous_2)","decl":{"start":{"line":18,"column":4},"end":{"line":18,"column":17}},"loc":{"start":{"line":18,"column":17},"end":{"line":19,"column":null}},"line":18},"3":{"name":"(anonymous_3)","decl":{"start":{"line":81,"column":30},"end":{"line":81,"column":40}},"loc":{"start":{"line":81,"column":46},"end":{"line":81,"column":65}},"line":81}},"branchMap":{"0":{"loc":{"start":{"line":13,"column":4},"end":{"line":16,"column":null}},"type":"if","locations":[{"start":{"line":13,"column":4},"end":{"line":16,"column":null}},{"start":{"line":15,"column":11},"end":{"line":16,"column":null}}],"line":13},"1":{"loc":{"start":{"line":23,"column":2},"end":{"line":23,"column":null}},"type":"if","locations":[{"start":{"line":23,"column":2},"end":{"line":23,"column":null}},{"start":{},"end":{}}],"line":23},"2":{"loc":{"start":{"line":51,"column":18},"end":{"line":51,"column":null}},"type":"cond-expr","locations":[{"start":{"line":51,"column":26},"end":{"line":51,"column":66}},{"start":{"line":51,"column":66},"end":{"line":51,"column":null}}],"line":51},"3":{"loc":{"start":{"line":63,"column":15},"end":{"line":63,"column":null}},"type":"cond-expr","locations":[{"start":{"line":63,"column":24},"end":{"line":63,"column":64}},{"start":{"line":63,"column":64},"end":{"line":63,"column":null}}],"line":63},"4":{"loc":{"start":{"line":82,"column":10},"end":{"line":91,"column":null}},"type":"binary-expr","locations":[{"start":{"line":82,"column":10},"end":{"line":82,"column":null}},{"start":{"line":83,"column":10},"end":{"line":91,"column":null}}],"line":82},"5":{"loc":{"start":{"line":95,"column":9},"end":{"line":95,"column":null}},"type":"binary-expr","locations":[{"start":{"line":95,"column":9},"end":{"line":95,"column":19}},{"start":{"line":95,"column":19},"end":{"line":95,"column":null}}],"line":95}},"s":{"0":2,"1":2,"2":2,"3":0,"4":2,"5":2,"6":2,"7":2,"8":2,"9":0,"10":0,"11":0,"12":2,"13":2,"14":2,"15":2,"16":0},"f":{"0":2,"1":2,"2":2,"3":0},"b":{"0":[0,2],"1":[2,0],"2":[0,0],"3":[0,0],"4":[2,0],"5":[2,0]},"meta":{"lastBranch":6,"lastFunction":4,"lastStatement":17,"seen":{"s:11:13:97:Infinity":0,"f:11:13:11:44":0,"s:12:2:21:Infinity":1,"f:12:2:12:18":1,"b:13:4:16:Infinity:15:11:16:Infinity":0,"s:13:4:16:Infinity":2,"s:14:6:14:Infinity":3,"s:16:6:16:Infinity":4,"s:18:4:19:Infinity":5,"f:18:4:18:17":2,"s:19:6:19:Infinity":6,"b:23:2:23:Infinity:undefined:undefined:undefined:undefined":1,"s:23:2:23:Infinity":7,"s:23:15:23:Infinity":8,"s:25:44:37:Infinity":9,"s:39:42:47:Infinity":10,"s:49:43:55:Infinity":11,"b:51:26:51:66:51:66:51:Infinity":2,"s:57:41:58:Infinity":12,"s:61:43:67:Infinity":13,"b:63:24:63:64:63:64:63:Infinity":3,"s:69:48:77:Infinity":14,"s:79:2:97:Infinity":15,"f:81:30:81:40":3,"s:81:46:81:65":16,"b:82:10:82:Infinity:83:10:91:Infinity":4,"b:95:9:95:19:95:19:95:Infinity":5}}}
,"E:\\repos\\vcprjs\\voice_clone\\frontend\\src\\components\\ui\\Select.tsx": {"path":"E:\\repos\\vcprjs\\voice_clone\\frontend\\src\\components\\ui\\Select.tsx","statementMap":{"0":{"start":{"line":9,"column":13},"end":{"line":51,"column":null}},"1":{"start":{"line":10,"column":43},"end":{"line":22,"column":null}},"2":{"start":{"line":24,"column":42},"end":{"line":30,"column":null}},"3":{"start":{"line":32,"column":42},"end":{"line":36,"column":null}},"4":{"start":{"line":38,"column":2},"end":{"line":51,"column":null}},"5":{"start":{"line":46,"column":10},"end":{"line":48,"column":null}}},"fnMap":{"0":{"name":"(anonymous_0)","decl":{"start":{"line":9,"column":13},"end":{"line":9,"column":46}},"loc":{"start":{"line":9,"column":97},"end":{"line":51,"column":null}},"line":9},"1":{"name":"(anonymous_1)","decl":{"start":{"line":45,"column":17},"end":{"line":45,"column":22}},"loc":{"start":{"line":46,"column":10},"end":{"line":48,"column":null}},"line":46}},"branchMap":{"0":{"loc":{"start":{"line":14,"column":12},"end":{"line":14,"column":null}},"type":"cond-expr","locations":[{"start":{"line":14,"column":20},"end":{"line":14,"column":54}},{"start":{"line":14,"column":54},"end":{"line":14,"column":null}}],"line":14},"1":{"loc":{"start":{"line":40,"column":7},"end":{"line":40,"column":null}},"type":"binary-expr","locations":[{"start":{"line":40,"column":7},"end":{"line":40,"column":16}},{"start":{"line":40,"column":16},"end":{"line":40,"column":null}}],"line":40},"2":{"loc":{"start":{"line":51,"column":7},"end":{"line":51,"column":null}},"type":"binary-expr","locations":[{"start":{"line":51,"column":7},"end":{"line":51,"column":16}},{"start":{"line":51,"column":16},"end":{"line":51,"column":null}}],"line":51}},"s":{"0":2,"1":0,"2":0,"3":0,"4":0,"5":0},"f":{"0":0,"1":0},"b":{"0":[0,0],"1":[0,0],"2":[0,0]},"meta":{"lastBranch":3,"lastFunction":2,"lastStatement":6,"seen":{"s:9:13:51:Infinity":0,"f:9:13:9:46":0,"s:10:43:22:Infinity":1,"b:14:20:14:54:14:54:14:Infinity":0,"s:24:42:30:Infinity":2,"s:32:42:36:Infinity":3,"s:38:2:51:Infinity":4,"b:40:7:40:16:40:16:40:Infinity":1,"f:45:17:45:22":1,"s:46:10:48:Infinity":5,"b:51:7:51:16:51:16:51:Infinity":2}}}
,"E:\\repos\\vcprjs\\voice_clone\\frontend\\src\\components\\ui\\Slider.tsx": {"path":"E:\\repos\\vcprjs\\voice_clone\\frontend\\src\\components\\ui\\Slider.tsx","statementMap":{"0":{"start":{"line":13,"column":13},"end":{"line":66,"column":null}},"1":{"start":{"line":22,"column":46},"end":{"line":23,"column":null}},"2":{"start":{"line":26,"column":51},"end":{"line":31,"column":null}},"3":{"start":{"line":33,"column":42},"end":{"line":37,"column":null}},"4":{"start":{"line":39,"column":42},"end":{"line":42,"column":null}},"5":{"start":{"line":44,"column":43},"end":{"line":50,"column":null}},"6":{"start":{"line":52,"column":2},"end":{"line":66,"column":null}},"7":{"start":{"line":64,"column":25},"end":{"line":64,"column":61}}},"fnMap":{"0":{"name":"(anonymous_0)","decl":{"start":{"line":13,"column":13},"end":{"line":13,"column":46}},"loc":{"start":{"line":21,"column":6},"end":{"line":66,"column":null}},"line":21},"1":{"name":"(anonymous_1)","decl":{"start":{"line":64,"column":8},"end":{"line":64,"column":19}},"loc":{"start":{"line":64,"column":25},"end":{"line":64,"column":61}},"line":64}},"branchMap":{"0":{"loc":{"start":{"line":17,"column":2},"end":{"line":17,"column":null}},"type":"default-arg","locations":[{"start":{"line":17,"column":8},"end":{"line":17,"column":null}}],"line":17},"1":{"loc":{"start":{"line":18,"column":2},"end":{"line":18,"column":null}},"type":"default-arg","locations":[{"start":{"line":18,"column":8},"end":{"line":18,"column":null}}],"line":18},"2":{"loc":{"start":{"line":19,"column":2},"end":{"line":19,"column":null}},"type":"default-arg","locations":[{"start":{"line":19,"column":9},"end":{"line":19,"column":null}}],"line":19}},"s":{"0":2,"1":0,"2":0,"3":0,"4":0,"5":0,"6":0,"7":0},"f":{"0":0,"1":0},"b":{"0":[0],"1":[0],"2":[0]},"meta":{"lastBranch":3,"lastFunction":2,"lastStatement":8,"seen":{"s:13:13:66:Infinity":0,"f:13:13:13:46":0,"b:17:8:17:Infinity":0,"b:18:8:18:Infinity":1,"b:19:9:19:Infinity":2,"s:22:46:23:Infinity":1,"s:26:51:31:Infinity":2,"s:33:42:37:Infinity":3,"s:39:42:42:Infinity":4,"s:44:43:50:Infinity":5,"s:52:2:66:Infinity":6,"f:64:8:64:19":1,"s:64:25:64:61":7}}}
,"E:\\repos\\vcprjs\\voice_clone\\frontend\\src\\components\\ui\\Tabs.tsx": {"path":"E:\\repos\\vcprjs\\voice_clone\\frontend\\src\\components\\ui\\Tabs.tsx","statementMap":{"0":{"start":{"line":15,"column":13},"end":{"line":52,"column":null}},"1":{"start":{"line":16,"column":46},"end":{"line":21,"column":null}},"2":{"start":{"line":23,"column":8},"end":{"line":36,"column":null}},"3":{"start":{"line":23,"column":67},"end":{"line":36,"column":null}},"4":{"start":{"line":38,"column":2},"end":{"line":52,"column":null}},"5":{"start":{"line":41,"column":8},"end":{"line":50,"column":null}},"6":{"start":{"line":44,"column":25},"end":{"line":44,"column":41}}},"fnMap":{"0":{"name":"(anonymous_0)","decl":{"start":{"line":15,"column":13},"end":{"line":15,"column":42}},"loc":{"start":{"line":15,"column":76},"end":{"line":52,"column":null}},"line":15},"1":{"name":"(anonymous_1)","decl":{"start":{"line":23,"column":8},"end":{"line":23,"column":23}},"loc":{"start":{"line":23,"column":67},"end":{"line":36,"column":null}},"line":23},"2":{"name":"(anonymous_2)","decl":{"start":{"line":40,"column":12},"end":{"line":40,"column":17}},"loc":{"start":{"line":41,"column":8},"end":{"line":50,"column":null}},"line":41},"3":{"name":"(anonymous_3)","decl":{"start":{"line":44,"column":10},"end":{"line":44,"column":25}},"loc":{"start":{"line":44,"column":25},"end":{"line":44,"column":41}},"line":44}},"branchMap":{"0":{"loc":{"start":{"line":30,"column":21},"end":{"line":30,"column":null}},"type":"cond-expr","locations":[{"start":{"line":30,"column":32},"end":{"line":30,"column":57}},{"start":{"line":30,"column":57},"end":{"line":30,"column":null}}],"line":30},"1":{"loc":{"start":{"line":31,"column":11},"end":{"line":31,"column":null}},"type":"cond-expr","locations":[{"start":{"line":31,"column":22},"end":{"line":31,"column":32}},{"start":{"line":31,"column":32},"end":{"line":31,"column":null}}],"line":31},"2":{"loc":{"start":{"line":48,"column":11},"end":{"line":49,"column":15}},"type":"binary-expr","locations":[{"start":{"line":48,"column":11},"end":{"line":48,"column":23}},{"start":{"line":48,"column":23},"end":{"line":49,"column":15}}],"line":48}},"s":{"0":2,"1":0,"2":0,"3":0,"4":0,"5":0,"6":0},"f":{"0":0,"1":0,"2":0,"3":0},"b":{"0":[0,0],"1":[0,0],"2":[0,0]},"meta":{"lastBranch":3,"lastFunction":4,"lastStatement":7,"seen":{"s:15:13:52:Infinity":0,"f:15:13:15:42":0,"s:16:46:21:Infinity":1,"s:23:8:36:Infinity":2,"f:23:8:23:23":1,"s:23:67:36:Infinity":3,"b:30:32:30:57:30:57:30:Infinity":0,"b:31:22:31:32:31:32:31:Infinity":1,"s:38:2:52:Infinity":4,"f:40:12:40:17":2,"s:41:8:50:Infinity":5,"f:44:10:44:25":3,"s:44:25:44:41":6,"b:48:11:48:23:48:23:49:15":2}}}
,"E:\\repos\\vcprjs\\voice_clone\\frontend\\src\\components\\ui\\index.ts": {"path":"E:\\repos\\vcprjs\\voice_clone\\frontend\\src\\components\\ui\\index.ts","statementMap":{},"fnMap":{},"branchMap":{},"s":{},"f":{},"b":{},"meta":{"lastBranch":0,"lastFunction":0,"lastStatement":0,"seen":{}}}
,"E:\\repos\\vcprjs\\voice_clone\\frontend\\src\\pages\\TTSSynthesis.module.css": {"path":"E:\\repos\\vcprjs\\voice_clone\\frontend\\src\\pages\\TTSSynthesis.module.css","statementMap":{},"fnMap":{},"branchMap":{},"s":{},"f":{},"b":{},"meta":{"lastBranch":0,"lastFunction":0,"lastStatement":0,"seen":{}}}
,"E:\\repos\\vcprjs\\voice_clone\\frontend\\src\\pages\\TTSSynthesis.tsx": {"path":"E:\\repos\\vcprjs\\voice_clone\\frontend\\src\\pages\\TTSSynthesis.tsx","statementMap":{"0":{"start":{"line":10,"column":15},"end":{"line":10,"column":38}},"1":{"start":{"line":11,"column":26},"end":{"line":11,"column":75}},"2":{"start":{"line":12,"column":24},"end":{"line":12,"column":59}},"3":{"start":{"line":13,"column":17},"end":{"line":19,"column":4}},"4":{"start":{"line":20,"column":17},"end":{"line":20,"column":62}},"5":{"start":{"line":21,"column":20},"end":{"line":21,"column":51}},"6":{"start":{"line":23,"column":8},"end":{"line":26,"column":8}},"7":{"start":{"line":24,"column":4},"end":{"line":24,"column":null}},"8":{"start":{"line":25,"column":4},"end":{"line":25,"column":null}},"9":{"start":{"line":28,"column":8},"end":{"line":61,"column":37}},"10":{"start":{"line":29,"column":4},"end":{"line":31,"column":null}},"11":{"start":{"line":30,"column":6},"end":{"line":30,"column":null}},"12":{"start":{"line":31,"column":6},"end":{"line":31,"column":null}},"13":{"start":{"line":34,"column":4},"end":{"line":36,"column":null}},"14":{"start":{"line":35,"column":6},"end":{"line":35,"column":null}},"15":{"start":{"line":36,"column":6},"end":{"line":36,"column":null}},"16":{"start":{"line":39,"column":4},"end":{"line":59,"column":null}},"17":{"start":{"line":40,"column":6},"end":{"line":40,"column":null}},"18":{"start":{"line":41,"column":6},"end":{"line":41,"column":null}},"19":{"start":{"line":43,"column":23},"end":{"line":52,"column":8}},"20":{"start":{"line":54,"column":6},"end":{"line":54,"column":null}},"21":{"start":{"line":56,"column":6},"end":{"line":56,"column":null}},"22":{"start":{"line":57,"column":6},"end":{"line":57,"column":null}},"23":{"start":{"line":59,"column":6},"end":{"line":59,"column":null}},"24":{"start":{"line":63,"column":2},"end":{"line":119,"column":null}},"25":{"start":{"line":79,"column":31},"end":{"line":79,"column":54}},"26":{"start":{"line":85,"column":31},"end":{"line":85,"column":42}}},"fnMap":{"0":{"name":"TTSSynthesis","decl":{"start":{"line":9,"column":16},"end":{"line":9,"column":31}},"loc":{"start":{"line":9,"column":31},"end":{"line":119,"column":null}},"line":9},"1":{"name":"(anonymous_1)","decl":{"start":{"line":23,"column":28},"end":{"line":23,"column":41}},"loc":{"start":{"line":23,"column":78},"end":{"line":26,"column":7}},"line":23},"2":{"name":"(anonymous_2)","decl":{"start":{"line":28,"column":39},"end":{"line":28,"column":51}},"loc":{"start":{"line":28,"column":51},"end":{"line":61,"column":6}},"line":28},"3":{"name":"(anonymous_3)","decl":{"start":{"line":79,"column":14},"end":{"line":79,"column":25}},"loc":{"start":{"line":79,"column":31},"end":{"line":79,"column":54}},"line":79},"4":{"name":"(anonymous_4)","decl":{"start":{"line":85,"column":16},"end":{"line":85,"column":31}},"loc":{"start":{"line":85,"column":31},"end":{"line":85,"column":42}},"line":85}},"branchMap":{"0":{"loc":{"start":{"line":29,"column":4},"end":{"line":31,"column":null}},"type":"if","locations":[{"start":{"line":29,"column":4},"end":{"line":31,"column":null}},{"start":{},"end":{}}],"line":29},"1":{"loc":{"start":{"line":34,"column":4},"end":{"line":36,"column":null}},"type":"if","locations":[{"start":{"line":34,"column":4},"end":{"line":36,"column":null}},{"start":{},"end":{}}],"line":34},"2":{"loc":{"start":{"line":46,"column":18},"end":{"line":46,"column":null}},"type":"binary-expr","locations":[{"start":{"line":46,"column":18},"end":{"line":46,"column":37}},{"start":{"line":46,"column":37},"end":{"line":46,"column":null}}],"line":46},"3":{"loc":{"start":{"line":47,"column":15},"end":{"line":47,"column":null}},"type":"binary-expr","locations":[{"start":{"line":47,"column":15},"end":{"line":47,"column":31}},{"start":{"line":47,"column":31},"end":{"line":47,"column":null}}],"line":47},"4":{"loc":{"start":{"line":48,"column":16},"end":{"line":48,"column":null}},"type":"binary-expr","locations":[{"start":{"line":48,"column":16},"end":{"line":48,"column":33}},{"start":{"line":48,"column":33},"end":{"line":48,"column":null}}],"line":48},"5":{"loc":{"start":{"line":49,"column":15},"end":{"line":49,"column":null}},"type":"binary-expr","locations":[{"start":{"line":49,"column":15},"end":{"line":49,"column":31}},{"start":{"line":49,"column":31},"end":{"line":49,"column":null}}],"line":49},"6":{"loc":{"start":{"line":112,"column":22},"end":{"line":112,"column":47}},"type":"binary-expr","locations":[{"start":{"line":112,"column":22},"end":{"line":112,"column":35}},{"start":{"line":112,"column":35},"end":{"line":112,"column":47}}],"line":112},"7":{"loc":{"start":{"line":115,"column":13},"end":{"line":115,"column":null}},"type":"cond-expr","locations":[{"start":{"line":115,"column":25},"end":{"line":115,"column":36}},{"start":{"line":115,"column":36},"end":{"line":115,"column":null}}],"line":115}},"s":{"0":5,"1":5,"2":5,"3":5,"4":5,"5":5,"6":5,"7":0,"8":0,"9":5,"10":1,"11":0,"12":0,"13":1,"14":0,"15":0,"16":1,"17":1,"18":1,"19":1,"20":1,"21":0,"22":0,"23":1,"24":5,"25":1,"26":0},"f":{"0":5,"1":0,"2":1,"3":1,"4":0},"b":{"0":[0,1],"1":[0,1],"2":[1,0],"3":[1,0],"4":[1,0],"5":[1,0],"6":[5,4],"7":[1,4]},"meta":{"lastBranch":8,"lastFunction":5,"lastStatement":27,"seen":{"f:9:16:9:31":0,"s:10:15:10:38":0,"s:11:26:11:75":1,"s:12:24:12:59":2,"s:13:17:19:4":3,"s:20:17:20:62":4,"s:21:20:21:51":5,"s:23:8:26:8":6,"f:23:28:23:41":1,"s:24:4:24:Infinity":7,"s:25:4:25:Infinity":8,"s:28:8:61:37":9,"f:28:39:28:51":2,"b:29:4:31:Infinity:undefined:undefined:undefined:undefined":0,"s:29:4:31:Infinity":10,"s:30:6:30:Infinity":11,"s:31:6:31:Infinity":12,"b:34:4:36:Infinity:undefined:undefined:undefined:undefined":1,"s:34:4:36:Infinity":13,"s:35:6:35:Infinity":14,"s:36:6:36:Infinity":15,"s:39:4:59:Infinity":16,"s:40:6:40:Infinity":17,"s:41:6:41:Infinity":18,"s:43:23:52:8":19,"b:46:18:46:37:46:37:46:Infinity":2,"b:47:15:47:31:47:31:47:Infinity":3,"b:48:16:48:33:48:33:48:Infinity":4,"b:49:15:49:31:49:31:49:Infinity":5,"s:54:6:54:Infinity":20,"s:56:6:56:Infinity":21,"s:57:6:57:Infinity":22,"s:59:6:59:Infinity":23,"s:63:2:119:Infinity":24,"f:79:14:79:25":3,"s:79:31:79:54":25,"f:85:16:85:31":4,"s:85:31:85:42":26,"b:112:22:112:35:112:35:112:47":6,"b:115:25:115:36:115:36:115:Infinity":7}}}
,"E:\\repos\\vcprjs\\voice_clone\\frontend\\src\\pages\\VoiceClone.module.css": {"path":"E:\\repos\\vcprjs\\voice_clone\\frontend\\src\\pages\\VoiceClone.module.css","statementMap":{},"fnMap":{},"branchMap":{},"s":{},"f":{},"b":{},"meta":{"lastBranch":0,"lastFunction":0,"lastStatement":0,"seen":{}}}
,"E:\\repos\\vcprjs\\voice_clone\\frontend\\src\\pages\\VoiceClone.tsx": {"path":"E:\\repos\\vcprjs\\voice_clone\\frontend\\src\\pages\\VoiceClone.tsx","statementMap":{"0":{"start":{"line":8,"column":20},"end":{"line":8,"column":51}},"1":{"start":{"line":9,"column":25},"end":{"line":9,"column":57}},"2":{"start":{"line":11,"column":8},"end":{"line":11,"column":null}},"3":{"start":{"line":15,"column":8},"end":{"line":15,"column":null}},"4":{"start":{"line":19,"column":2},"end":{"line":64,"column":null}}},"fnMap":{"0":{"name":"VoiceClone","decl":{"start":{"line":7,"column":16},"end":{"line":7,"column":29}},"loc":{"start":{"line":7,"column":29},"end":{"line":64,"column":null}},"line":7},"1":{"name":"(anonymous_1)","decl":{"start":{"line":11,"column":8},"end":{"line":11,"column":37}},"loc":{"start":{"line":11,"column":37},"end":{"line":11,"column":null}},"line":11},"2":{"name":"(anonymous_2)","decl":{"start":{"line":15,"column":8},"end":{"line":15,"column":40}},"loc":{"start":{"line":15,"column":40},"end":{"line":15,"column":null}},"line":15}},"branchMap":{"0":{"loc":{"start":{"line":48,"column":13},"end":{"line":53,"column":null}},"type":"binary-expr","locations":[{"start":{"line":48,"column":13},"end":{"line":48,"column":null}},{"start":{"line":49,"column":14},"end":{"line":53,"column":null}}],"line":48}},"s":{"0":6,"1":6,"2":6,"3":6,"4":6},"f":{"0":6,"1":0,"2":0},"b":{"0":[6,0]},"meta":{"lastBranch":1,"lastFunction":3,"lastStatement":5,"seen":{"f:7:16:7:29":0,"s:8:20:8:51":0,"s:9:25:9:57":1,"s:11:8:11:Infinity":2,"f:11:8:11:37":1,"s:15:8:15:Infinity":3,"f:15:8:15:40":2,"s:19:2:64:Infinity":4,"b:48:13:48:Infinity:49:14:53:Infinity":0}}}
,"E:\\repos\\vcprjs\\voice_clone\\frontend\\src\\services\\api.ts": {"path":"E:\\repos\\vcprjs\\voice_clone\\frontend\\src\\services\\api.ts","statementMap":{"0":{"start":{"line":4,"column":12},"end":{"line":6,"column":2}},"1":{"start":{"line":9,"column":24},"end":{"line":49,"column":null}},"2":{"start":{"line":11,"column":21},"end":{"line":11,"column":35}},"3":{"start":{"line":12,"column":4},"end":{"line":12,"column":null}},"4":{"start":{"line":13,"column":21},"end":{"line":13,"column":76}},"5":{"start":{"line":14,"column":4},"end":{"line":14,"column":null}},"6":{"start":{"line":18,"column":21},"end":{"line":18,"column":65}},"7":{"start":{"line":19,"column":4},"end":{"line":19,"column":null}},"8":{"start":{"line":24,"column":16},"end":{"line":24,"column":37}},"9":{"start":{"line":25,"column":4},"end":{"line":25,"column":null}},"10":{"start":{"line":25,"column":27},"end":{"line":25,"column":58}},"11":{"start":{"line":29,"column":4},"end":{"line":29,"column":null}},"12":{"start":{"line":34,"column":21},"end":{"line":34,"column":60}},"13":{"start":{"line":35,"column":4},"end":{"line":35,"column":null}},"14":{"start":{"line":40,"column":21},"end":{"line":46,"column":6}},"15":{"start":{"line":47,"column":4},"end":{"line":47,"column":null}},"16":{"start":{"line":52,"column":22},"end":{"line":70,"column":null}},"17":{"start":{"line":54,"column":21},"end":{"line":54,"column":102}},"18":{"start":{"line":55,"column":4},"end":{"line":55,"column":null}},"19":{"start":{"line":59,"column":21},"end":{"line":59,"column":74}},"20":{"start":{"line":60,"column":4},"end":{"line":60,"column":null}},"21":{"start":{"line":64,"column":21},"end":{"line":67,"column":6}},"22":{"start":{"line":68,"column":4},"end":{"line":68,"column":null}},"23":{"start":{"line":73,"column":25},"end":{"line":96,"column":null}},"24":{"start":{"line":75,"column":21},"end":{"line":75,"column":65}},"25":{"start":{"line":76,"column":4},"end":{"line":76,"column":null}},"26":{"start":{"line":80,"column":21},"end":{"line":80,"column":72}},"27":{"start":{"line":81,"column":4},"end":{"line":81,"column":null}},"28":{"start":{"line":85,"column":21},"end":{"line":85,"column":77}},"29":{"start":{"line":86,"column":4},"end":{"line":86,"column":null}},"30":{"start":{"line":90,"column":4},"end":{"line":90,"column":null}},"31":{"start":{"line":94,"column":4},"end":{"line":94,"column":null}}},"fnMap":{"0":{"name":"(anonymous_0)","decl":{"start":{"line":10,"column":10},"end":{"line":10,"column":17}},"loc":{"start":{"line":10,"column":55},"end":{"line":14,"column":null}},"line":10},"1":{"name":"(anonymous_1)","decl":{"start":{"line":17,"column":8},"end":{"line":17,"column":45}},"loc":{"start":{"line":17,"column":45},"end":{"line":19,"column":null}},"line":17},"2":{"name":"(anonymous_2)","decl":{"start":{"line":23,"column":14},"end":{"line":23,"column":51}},"loc":{"start":{"line":23,"column":51},"end":{"line":25,"column":null}},"line":23},"3":{"name":"(anonymous_3)","decl":{"start":{"line":25,"column":15},"end":{"line":25,"column":22}},"loc":{"start":{"line":25,"column":27},"end":{"line":25,"column":58}},"line":25},"4":{"name":"(anonymous_4)","decl":{"start":{"line":28,"column":10},"end":{"line":28,"column":17}},"loc":{"start":{"line":28,"column":47},"end":{"line":29,"column":null}},"line":28},"5":{"name":"(anonymous_5)","decl":{"start":{"line":33,"column":16},"end":{"line":33,"column":28}},"loc":{"start":{"line":33,"column":28},"end":{"line":35,"column":null}},"line":33},"6":{"name":"(anonymous_6)","decl":{"start":{"line":39,"column":14},"end":{"line":39,"column":21}},"loc":{"start":{"line":39,"column":116},"end":{"line":47,"column":null}},"line":39},"7":{"name":"(anonymous_7)","decl":{"start":{"line":53,"column":13},"end":{"line":53,"column":87}},"loc":{"start":{"line":53,"column":87},"end":{"line":55,"column":null}},"line":53},"8":{"name":"(anonymous_8)","decl":{"start":{"line":58,"column":14},"end":{"line":58,"column":21}},"loc":{"start":{"line":58,"column":65},"end":{"line":60,"column":null}},"line":58},"9":{"name":"(anonymous_9)","decl":{"start":{"line":63,"column":9},"end":{"line":63,"column":16}},"loc":{"start":{"line":63,"column":134},"end":{"line":68,"column":null}},"line":63},"10":{"name":"(anonymous_10)","decl":{"start":{"line":74,"column":14},"end":{"line":74,"column":48}},"loc":{"start":{"line":74,"column":48},"end":{"line":76,"column":null}},"line":74},"11":{"name":"(anonymous_11)","decl":{"start":{"line":79,"column":15},"end":{"line":79,"column":22}},"loc":{"start":{"line":79,"column":91},"end":{"line":81,"column":null}},"line":79},"12":{"name":"(anonymous_12)","decl":{"start":{"line":84,"column":15},"end":{"line":84,"column":22}},"loc":{"start":{"line":84,"column":85},"end":{"line":86,"column":null}},"line":84},"13":{"name":"(anonymous_13)","decl":{"start":{"line":89,"column":15},"end":{"line":89,"column":22}},"loc":{"start":{"line":89,"column":52},"end":{"line":90,"column":null}},"line":89},"14":{"name":"(anonymous_14)","decl":{"start":{"line":93,"column":14},"end":{"line":93,"column":21}},"loc":{"start":{"line":93,"column":51},"end":{"line":94,"column":null}},"line":93}},"branchMap":{"0":{"loc":{"start":{"line":25,"column":27},"end":{"line":25,"column":58}},"type":"binary-expr","locations":[{"start":{"line":25,"column":27},"end":{"line":25,"column":42}},{"start":{"line":25,"column":42},"end":{"line":25,"column":58}}],"line":25},"1":{"loc":{"start":{"line":39,"column":52},"end":{"line":39,"column":73}},"type":"default-arg","locations":[{"start":{"line":39,"column":68},"end":{"line":39,"column":73}}],"line":39},"2":{"loc":{"start":{"line":39,"column":73},"end":{"line":39,"column":94}},"type":"default-arg","locations":[{"start":{"line":39,"column":90},"end":{"line":39,"column":94}}],"line":39},"3":{"loc":{"start":{"line":39,"column":94},"end":{"line":39,"column":116}},"type":"default-arg","locations":[{"start":{"line":39,"column":110},"end":{"line":39,"column":116}}],"line":39}},"s":{"0":4,"1":4,"2":0,"3":0,"4":0,"5":0,"6":0,"7":0,"8":0,"9":0,"10":0,"11":0,"12":4,"13":0,"14":0,"15":0,"16":4,"17":3,"18":0,"19":0,"20":0,"21":0,"22":0,"23":4,"24":0,"25":0,"26":0,"27":0,"28":0,"29":0,"30":0,"31":0},"f":{"0":0,"1":0,"2":0,"3":0,"4":0,"5":4,"6":0,"7":3,"8":0,"9":0,"10":0,"11":0,"12":0,"13":0,"14":0},"b":{"0":[0,0],"1":[0],"2":[0],"3":[0]},"meta":{"lastBranch":4,"lastFunction":15,"lastStatement":32,"seen":{"s:4:12:6:2":0,"s:9:24:49:Infinity":1,"f:10:10:10:17":0,"s:11:21:11:35":2,"s:12:4:12:Infinity":3,"s:13:21:13:76":4,"s:14:4:14:Infinity":5,"f:17:8:17:45":1,"s:18:21:18:65":6,"s:19:4:19:Infinity":7,"f:23:14:23:51":2,"s:24:16:24:37":8,"s:25:4:25:Infinity":9,"f:25:15:25:22":3,"s:25:27:25:58":10,"b:25:27:25:42:25:42:25:58":0,"f:28:10:28:17":4,"s:29:4:29:Infinity":11,"f:33:16:33:28":5,"s:34:21:34:60":12,"s:35:4:35:Infinity":13,"f:39:14:39:21":6,"b:39:68:39:73":1,"b:39:90:39:94":2,"b:39:110:39:116":3,"s:40:21:46:6":14,"s:47:4:47:Infinity":15,"s:52:22:70:Infinity":16,"f:53:13:53:87":7,"s:54:21:54:102":17,"s:55:4:55:Infinity":18,"f:58:14:58:21":8,"s:59:21:59:74":19,"s:60:4:60:Infinity":20,"f:63:9:63:16":9,"s:64:21:67:6":21,"s:68:4:68:Infinity":22,"s:73:25:96:Infinity":23,"f:74:14:74:48":10,"s:75:21:75:65":24,"s:76:4:76:Infinity":25,"f:79:15:79:22":11,"s:80:21:80:72":26,"s:81:4:81:Infinity":27,"f:84:15:84:22":12,"s:85:21:85:77":28,"s:86:4:86:Infinity":29,"f:89:15:89:22":13,"s:90:4:90:Infinity":30,"f:93:14:93:21":14,"s:94:4:94:Infinity":31}}}
}
